{"C:\\Users\\rushi\\Documents\\TurnUp\\Testing\\NoMockBackend\\NewEventManager\\eventManager.js": {"path":"C:\\Users\\rushi\\Documents\\TurnUp\\Testing\\NoMockBackend\\NewEventManager\\eventManager.js","statementMap":{"0":{"start":{"line":1,"column":16},"end":{"line":1,"column":34}},"1":{"start":{"line":2,"column":12},"end":{"line":2,"column":21}},"2":{"start":{"line":3,"column":0},"end":{"line":3,"column":24}},"3":{"start":{"line":5,"column":19},"end":{"line":5,"column":49}},"4":{"start":{"line":6,"column":0},"end":{"line":6,"column":31}},"5":{"start":{"line":8,"column":20},"end":{"line":8,"column":51}},"6":{"start":{"line":9,"column":0},"end":{"line":9,"column":25}},"7":{"start":{"line":11,"column":0},"end":{"line":11,"column":21}}},"fnMap":{},"branchMap":{},"s":{"0":1,"1":1,"2":1,"3":1,"4":1,"5":1,"6":1,"7":1},"f":{},"b":{},"_coverageSchema":"1a1c01bbd47fc00a2c39e90264f33305004495a9","hash":"5ad3bc67b6d0f950321fd500f298539f2877aab1"}
,"C:\\Users\\rushi\\Documents\\TurnUp\\Testing\\NoMockBackend\\NewEventManager\\routes\\eventFilter.js": {"path":"C:\\Users\\rushi\\Documents\\TurnUp\\Testing\\NoMockBackend\\NewEventManager\\routes\\eventFilter.js","statementMap":{"0":{"start":{"line":1,"column":16},"end":{"line":1,"column":34}},"1":{"start":{"line":2,"column":15},"end":{"line":2,"column":31}},"2":{"start":{"line":3,"column":24},"end":{"line":3,"column":42}},"3":{"start":{"line":4,"column":15},"end":{"line":4,"column":62}},"4":{"start":{"line":7,"column":0},"end":{"line":21,"column":3}},"5":{"start":{"line":8,"column":2},"end":{"line":20,"column":3}},"6":{"start":{"line":9,"column":19},"end":{"line":9,"column":32}},"7":{"start":{"line":10,"column":4},"end":{"line":10,"column":26}},"8":{"start":{"line":11,"column":19},"end":{"line":14,"column":25}},"9":{"start":{"line":15,"column":18},"end":{"line":15,"column":40}},"10":{"start":{"line":16,"column":4},"end":{"line":16,"column":34}},"11":{"start":{"line":18,"column":4},"end":{"line":18,"column":21}},"12":{"start":{"line":19,"column":4},"end":{"line":19,"column":30}},"13":{"start":{"line":24,"column":0},"end":{"line":38,"column":3}},"14":{"start":{"line":25,"column":2},"end":{"line":37,"column":3}},"15":{"start":{"line":26,"column":19},"end":{"line":30,"column":27}},"16":{"start":{"line":31,"column":18},"end":{"line":31,"column":40}},"17":{"start":{"line":32,"column":4},"end":{"line":32,"column":25}},"18":{"start":{"line":33,"column":4},"end":{"line":33,"column":34}},"19":{"start":{"line":35,"column":4},"end":{"line":35,"column":21}},"20":{"start":{"line":36,"column":4},"end":{"line":36,"column":30}},"21":{"start":{"line":40,"column":0},"end":{"line":40,"column":24}}},"fnMap":{"0":{"name":"(anonymous_0)","decl":{"start":{"line":7,"column":34},"end":{"line":7,"column":35}},"loc":{"start":{"line":7,"column":54},"end":{"line":21,"column":1}},"line":7},"1":{"name":"(anonymous_1)","decl":{"start":{"line":24,"column":32},"end":{"line":24,"column":33}},"loc":{"start":{"line":24,"column":52},"end":{"line":38,"column":1}},"line":24}},"branchMap":{},"s":{"0":1,"1":1,"2":1,"3":1,"4":1,"5":2,"6":2,"7":2,"8":2,"9":2,"10":2,"11":0,"12":0,"13":1,"14":1,"15":1,"16":1,"17":1,"18":1,"19":0,"20":0,"21":1},"f":{"0":2,"1":1},"b":{},"_coverageSchema":"1a1c01bbd47fc00a2c39e90264f33305004495a9","hash":"83f35f09b36e22a92a4ec52b489ad50734ee9412"}
,"C:\\Users\\rushi\\Documents\\TurnUp\\Testing\\NoMockBackend\\NewEventManager\\routes\\eventStore.js": {"path":"C:\\Users\\rushi\\Documents\\TurnUp\\Testing\\NoMockBackend\\NewEventManager\\routes\\eventStore.js","statementMap":{"0":{"start":{"line":1,"column":16},"end":{"line":1,"column":34}},"1":{"start":{"line":2,"column":15},"end":{"line":2,"column":31}},"2":{"start":{"line":3,"column":24},"end":{"line":3,"column":42}},"3":{"start":{"line":4,"column":15},"end":{"line":4,"column":62}},"4":{"start":{"line":7,"column":0},"end":{"line":23,"column":3}},"5":{"start":{"line":8,"column":2},"end":{"line":22,"column":3}},"6":{"start":{"line":9,"column":18},"end":{"line":9,"column":36}},"7":{"start":{"line":10,"column":20},"end":{"line":13,"column":33}},"8":{"start":{"line":14,"column":4},"end":{"line":18,"column":5}},"9":{"start":{"line":15,"column":6},"end":{"line":15,"column":36}},"10":{"start":{"line":17,"column":6},"end":{"line":17,"column":31}},"11":{"start":{"line":20,"column":4},"end":{"line":20,"column":21}},"12":{"start":{"line":21,"column":4},"end":{"line":21,"column":30}},"13":{"start":{"line":26,"column":0},"end":{"line":42,"column":3}},"14":{"start":{"line":27,"column":2},"end":{"line":41,"column":3}},"15":{"start":{"line":28,"column":17},"end":{"line":28,"column":34}},"16":{"start":{"line":29,"column":18},"end":{"line":29,"column":26}},"17":{"start":{"line":30,"column":4},"end":{"line":30,"column":48}},"18":{"start":{"line":31,"column":4},"end":{"line":31,"column":76}},"19":{"start":{"line":32,"column":18},"end":{"line":32,"column":40}},"20":{"start":{"line":33,"column":4},"end":{"line":36,"column":68}},"21":{"start":{"line":37,"column":4},"end":{"line":37,"column":34}},"22":{"start":{"line":39,"column":4},"end":{"line":39,"column":21}},"23":{"start":{"line":40,"column":4},"end":{"line":40,"column":30}},"24":{"start":{"line":45,"column":0},"end":{"line":64,"column":3}},"25":{"start":{"line":46,"column":2},"end":{"line":63,"column":3}},"26":{"start":{"line":47,"column":18},"end":{"line":47,"column":36}},"27":{"start":{"line":48,"column":17},"end":{"line":48,"column":34}},"28":{"start":{"line":49,"column":16},"end":{"line":56,"column":7}},"29":{"start":{"line":57,"column":4},"end":{"line":59,"column":63}},"30":{"start":{"line":58,"column":6},"end":{"line":58,"column":73}},"31":{"start":{"line":59,"column":9},"end":{"line":59,"column":63}},"32":{"start":{"line":61,"column":4},"end":{"line":61,"column":21}},"33":{"start":{"line":62,"column":4},"end":{"line":62,"column":30}},"34":{"start":{"line":67,"column":0},"end":{"line":89,"column":3}},"35":{"start":{"line":68,"column":2},"end":{"line":88,"column":3}},"36":{"start":{"line":69,"column":18},"end":{"line":69,"column":36}},"37":{"start":{"line":70,"column":17},"end":{"line":70,"column":34}},"38":{"start":{"line":71,"column":16},"end":{"line":74,"column":30}},"39":{"start":{"line":75,"column":4},"end":{"line":78,"column":5}},"40":{"start":{"line":76,"column":6},"end":{"line":76,"column":46}},"41":{"start":{"line":77,"column":6},"end":{"line":77,"column":13}},"42":{"start":{"line":79,"column":16},"end":{"line":82,"column":52}},"43":{"start":{"line":83,"column":4},"end":{"line":85,"column":60}},"44":{"start":{"line":84,"column":6},"end":{"line":84,"column":54}},"45":{"start":{"line":85,"column":9},"end":{"line":85,"column":60}},"46":{"start":{"line":87,"column":4},"end":{"line":87,"column":21}},"47":{"start":{"line":92,"column":0},"end":{"line":101,"column":3}},"48":{"start":{"line":93,"column":2},"end":{"line":100,"column":3}},"49":{"start":{"line":94,"column":19},"end":{"line":94,"column":72}},"50":{"start":{"line":95,"column":20},"end":{"line":95,"column":42}},"51":{"start":{"line":96,"column":4},"end":{"line":96,"column":49}},"52":{"start":{"line":98,"column":4},"end":{"line":98,"column":21}},"53":{"start":{"line":99,"column":4},"end":{"line":99,"column":30}},"54":{"start":{"line":103,"column":0},"end":{"line":103,"column":24}}},"fnMap":{"0":{"name":"(anonymous_0)","decl":{"start":{"line":7,"column":24},"end":{"line":7,"column":25}},"loc":{"start":{"line":7,"column":44},"end":{"line":23,"column":1}},"line":7},"1":{"name":"(anonymous_1)","decl":{"start":{"line":26,"column":24},"end":{"line":26,"column":25}},"loc":{"start":{"line":26,"column":44},"end":{"line":42,"column":1}},"line":26},"2":{"name":"(anonymous_2)","decl":{"start":{"line":45,"column":32},"end":{"line":45,"column":33}},"loc":{"start":{"line":45,"column":52},"end":{"line":64,"column":1}},"line":45},"3":{"name":"(anonymous_3)","decl":{"start":{"line":67,"column":35},"end":{"line":67,"column":36}},"loc":{"start":{"line":67,"column":55},"end":{"line":89,"column":1}},"line":67},"4":{"name":"(anonymous_4)","decl":{"start":{"line":92,"column":16},"end":{"line":92,"column":17}},"loc":{"start":{"line":92,"column":36},"end":{"line":101,"column":1}},"line":92}},"branchMap":{"0":{"loc":{"start":{"line":14,"column":4},"end":{"line":18,"column":5}},"type":"if","locations":[{"start":{"line":14,"column":4},"end":{"line":18,"column":5}},{"start":{"line":16,"column":11},"end":{"line":18,"column":5}}],"line":14},"1":{"loc":{"start":{"line":57,"column":4},"end":{"line":59,"column":63}},"type":"if","locations":[{"start":{"line":57,"column":4},"end":{"line":59,"column":63}},{"start":{"line":59,"column":9},"end":{"line":59,"column":63}}],"line":57},"2":{"loc":{"start":{"line":75,"column":4},"end":{"line":78,"column":5}},"type":"if","locations":[{"start":{"line":75,"column":4},"end":{"line":78,"column":5}},{"start":{},"end":{}}],"line":75},"3":{"loc":{"start":{"line":83,"column":4},"end":{"line":85,"column":60}},"type":"if","locations":[{"start":{"line":83,"column":4},"end":{"line":85,"column":60}},{"start":{"line":85,"column":9},"end":{"line":85,"column":60}}],"line":83}},"s":{"0":1,"1":1,"2":1,"3":1,"4":1,"5":2,"6":2,"7":2,"8":2,"9":1,"10":1,"11":0,"12":0,"13":1,"14":1,"15":1,"16":1,"17":1,"18":1,"19":1,"20":1,"21":1,"22":0,"23":0,"24":1,"25":2,"26":2,"27":2,"28":2,"29":2,"30":1,"31":1,"32":0,"33":0,"34":1,"35":3,"36":3,"37":3,"38":3,"39":3,"40":1,"41":1,"42":2,"43":2,"44":1,"45":1,"46":0,"47":1,"48":1,"49":1,"50":1,"51":1,"52":0,"53":0,"54":1},"f":{"0":2,"1":1,"2":2,"3":3,"4":1},"b":{"0":[1,1],"1":[1,1],"2":[1,2],"3":[1,1]},"_coverageSchema":"1a1c01bbd47fc00a2c39e90264f33305004495a9","hash":"98e53c849e991185571b4c16d0f7e474cd2c2350"}
,"C:\\Users\\rushi\\Documents\\TurnUp\\Testing\\NoMockBackend\\NewLocationManager\\locationServer.js": {"path":"C:\\Users\\rushi\\Documents\\TurnUp\\Testing\\NoMockBackend\\NewLocationManager\\locationServer.js","statementMap":{"0":{"start":{"line":1,"column":24},"end":{"line":1,"column":42}},"1":{"start":{"line":2,"column":14},"end":{"line":2,"column":30}},"2":{"start":{"line":3,"column":12},"end":{"line":3,"column":42}},"3":{"start":{"line":4,"column":16},"end":{"line":4,"column":34}},"4":{"start":{"line":5,"column":12},"end":{"line":5,"column":21}},"5":{"start":{"line":6,"column":15},"end":{"line":6,"column":35}},"6":{"start":{"line":8,"column":0},"end":{"line":8,"column":24}},"7":{"start":{"line":12,"column":0},"end":{"line":48,"column":3}},"8":{"start":{"line":13,"column":13},"end":{"line":13,"column":32}},"9":{"start":{"line":14,"column":14},"end":{"line":14,"column":34}},"10":{"start":{"line":15,"column":13},"end":{"line":15,"column":32}},"11":{"start":{"line":16,"column":14},"end":{"line":16,"column":34}},"12":{"start":{"line":17,"column":18},"end":{"line":17,"column":20}},"13":{"start":{"line":19,"column":17},"end":{"line":23,"column":16}},"14":{"start":{"line":24,"column":2},"end":{"line":24,"column":16}},"15":{"start":{"line":25,"column":2},"end":{"line":25,"column":19}},"16":{"start":{"line":26,"column":2},"end":{"line":40,"column":5}},"17":{"start":{"line":27,"column":18},"end":{"line":27,"column":40}},"18":{"start":{"line":28,"column":19},"end":{"line":28,"column":41}},"19":{"start":{"line":29,"column":4},"end":{"line":29,"column":22}},"20":{"start":{"line":30,"column":4},"end":{"line":30,"column":25}},"21":{"start":{"line":31,"column":4},"end":{"line":31,"column":26}},"22":{"start":{"line":32,"column":4},"end":{"line":39,"column":5}},"23":{"start":{"line":38,"column":6},"end":{"line":38,"column":30}},"24":{"start":{"line":41,"column":2},"end":{"line":41,"column":24}},"25":{"start":{"line":43,"column":2},"end":{"line":47,"column":3}},"26":{"start":{"line":44,"column":4},"end":{"line":44,"column":36}},"27":{"start":{"line":46,"column":4},"end":{"line":46,"column":47}},"28":{"start":{"line":52,"column":0},"end":{"line":71,"column":3}},"29":{"start":{"line":53,"column":2},"end":{"line":70,"column":3}},"30":{"start":{"line":54,"column":16},"end":{"line":54,"column":37}},"31":{"start":{"line":55,"column":14},"end":{"line":58,"column":31}},"32":{"start":{"line":59,"column":4},"end":{"line":67,"column":5}},"33":{"start":{"line":60,"column":6},"end":{"line":60,"column":49}},"34":{"start":{"line":62,"column":6},"end":{"line":65,"column":57}},"35":{"start":{"line":66,"column":6},"end":{"line":66,"column":48}},"36":{"start":{"line":69,"column":4},"end":{"line":69,"column":21}},"37":{"start":{"line":75,"column":0},"end":{"line":94,"column":3}},"38":{"start":{"line":76,"column":2},"end":{"line":93,"column":3}},"39":{"start":{"line":77,"column":16},"end":{"line":77,"column":37}},"40":{"start":{"line":78,"column":14},"end":{"line":81,"column":31}},"41":{"start":{"line":82,"column":4},"end":{"line":90,"column":5}},"42":{"start":{"line":83,"column":6},"end":{"line":83,"column":49}},"43":{"start":{"line":85,"column":6},"end":{"line":88,"column":60}},"44":{"start":{"line":89,"column":6},"end":{"line":89,"column":50}},"45":{"start":{"line":92,"column":4},"end":{"line":92,"column":21}},"46":{"start":{"line":98,"column":0},"end":{"line":110,"column":3}},"47":{"start":{"line":99,"column":2},"end":{"line":109,"column":3}},"48":{"start":{"line":100,"column":19},"end":{"line":104,"column":16}},"49":{"start":{"line":105,"column":4},"end":{"line":105,"column":33}},"50":{"start":{"line":107,"column":4},"end":{"line":107,"column":21}},"51":{"start":{"line":108,"column":4},"end":{"line":108,"column":28}},"52":{"start":{"line":114,"column":0},"end":{"line":122,"column":3}},"53":{"start":{"line":115,"column":2},"end":{"line":121,"column":3}},"54":{"start":{"line":116,"column":4},"end":{"line":116,"column":72}},"55":{"start":{"line":117,"column":4},"end":{"line":117,"column":58}},"56":{"start":{"line":119,"column":4},"end":{"line":119,"column":21}},"57":{"start":{"line":120,"column":4},"end":{"line":120,"column":28}},"58":{"start":{"line":126,"column":0},"end":{"line":145,"column":3}},"59":{"start":{"line":127,"column":2},"end":{"line":144,"column":3}},"60":{"start":{"line":128,"column":16},"end":{"line":128,"column":37}},"61":{"start":{"line":129,"column":14},"end":{"line":132,"column":31}},"62":{"start":{"line":133,"column":4},"end":{"line":141,"column":5}},"63":{"start":{"line":134,"column":6},"end":{"line":134,"column":51}},"64":{"start":{"line":136,"column":6},"end":{"line":139,"column":75}},"65":{"start":{"line":140,"column":6},"end":{"line":140,"column":63}},"66":{"start":{"line":143,"column":4},"end":{"line":143,"column":21}},"67":{"start":{"line":149,"column":0},"end":{"line":169,"column":3}},"68":{"start":{"line":150,"column":2},"end":{"line":168,"column":3}},"69":{"start":{"line":151,"column":16},"end":{"line":151,"column":37}},"70":{"start":{"line":152,"column":14},"end":{"line":155,"column":31}},"71":{"start":{"line":156,"column":4},"end":{"line":164,"column":5}},"72":{"start":{"line":157,"column":6},"end":{"line":157,"column":51}},"73":{"start":{"line":159,"column":6},"end":{"line":162,"column":37}},"74":{"start":{"line":163,"column":6},"end":{"line":163,"column":63}},"75":{"start":{"line":166,"column":4},"end":{"line":166,"column":21}},"76":{"start":{"line":167,"column":4},"end":{"line":167,"column":28}},"77":{"start":{"line":173,"column":0},"end":{"line":190,"column":3}},"78":{"start":{"line":174,"column":2},"end":{"line":189,"column":3}},"79":{"start":{"line":175,"column":16},"end":{"line":175,"column":37}},"80":{"start":{"line":176,"column":20},"end":{"line":180,"column":16}},"81":{"start":{"line":181,"column":4},"end":{"line":185,"column":5}},"82":{"start":{"line":182,"column":6},"end":{"line":182,"column":36}},"83":{"start":{"line":184,"column":6},"end":{"line":184,"column":31}},"84":{"start":{"line":187,"column":4},"end":{"line":187,"column":21}},"85":{"start":{"line":188,"column":4},"end":{"line":188,"column":28}},"86":{"start":{"line":192,"column":0},"end":{"line":192,"column":21}}},"fnMap":{"0":{"name":"(anonymous_0)","decl":{"start":{"line":12,"column":37},"end":{"line":12,"column":38}},"loc":{"start":{"line":12,"column":57},"end":{"line":48,"column":1}},"line":12},"1":{"name":"(anonymous_1)","decl":{"start":{"line":26,"column":15},"end":{"line":26,"column":16}},"loc":{"start":{"line":26,"column":28},"end":{"line":40,"column":3}},"line":26},"2":{"name":"(anonymous_2)","decl":{"start":{"line":52,"column":33},"end":{"line":52,"column":34}},"loc":{"start":{"line":52,"column":53},"end":{"line":71,"column":1}},"line":52},"3":{"name":"(anonymous_3)","decl":{"start":{"line":75,"column":37},"end":{"line":75,"column":38}},"loc":{"start":{"line":75,"column":57},"end":{"line":94,"column":1}},"line":75},"4":{"name":"(anonymous_4)","decl":{"start":{"line":98,"column":22},"end":{"line":98,"column":23}},"loc":{"start":{"line":98,"column":42},"end":{"line":110,"column":1}},"line":98},"5":{"name":"(anonymous_5)","decl":{"start":{"line":114,"column":31},"end":{"line":114,"column":32}},"loc":{"start":{"line":114,"column":51},"end":{"line":122,"column":1}},"line":114},"6":{"name":"(anonymous_6)","decl":{"start":{"line":126,"column":34},"end":{"line":126,"column":35}},"loc":{"start":{"line":126,"column":54},"end":{"line":145,"column":1}},"line":126},"7":{"name":"(anonymous_7)","decl":{"start":{"line":149,"column":37},"end":{"line":149,"column":38}},"loc":{"start":{"line":149,"column":57},"end":{"line":169,"column":1}},"line":149},"8":{"name":"(anonymous_8)","decl":{"start":{"line":173,"column":34},"end":{"line":173,"column":35}},"loc":{"start":{"line":173,"column":54},"end":{"line":190,"column":1}},"line":173}},"branchMap":{"0":{"loc":{"start":{"line":32,"column":4},"end":{"line":39,"column":5}},"type":"if","locations":[{"start":{"line":32,"column":4},"end":{"line":39,"column":5}},{"start":{},"end":{}}],"line":32},"1":{"loc":{"start":{"line":33,"column":6},"end":{"line":36,"column":21}},"type":"binary-expr","locations":[{"start":{"line":33,"column":6},"end":{"line":33,"column":23}},{"start":{"line":34,"column":6},"end":{"line":34,"column":21}},{"start":{"line":35,"column":6},"end":{"line":35,"column":23}},{"start":{"line":36,"column":6},"end":{"line":36,"column":21}}],"line":33},"2":{"loc":{"start":{"line":43,"column":2},"end":{"line":47,"column":3}},"type":"if","locations":[{"start":{"line":43,"column":2},"end":{"line":47,"column":3}},{"start":{"line":45,"column":9},"end":{"line":47,"column":3}}],"line":43},"3":{"loc":{"start":{"line":59,"column":4},"end":{"line":67,"column":5}},"type":"if","locations":[{"start":{"line":59,"column":4},"end":{"line":67,"column":5}},{"start":{"line":61,"column":11},"end":{"line":67,"column":5}}],"line":59},"4":{"loc":{"start":{"line":82,"column":4},"end":{"line":90,"column":5}},"type":"if","locations":[{"start":{"line":82,"column":4},"end":{"line":90,"column":5}},{"start":{"line":84,"column":11},"end":{"line":90,"column":5}}],"line":82},"5":{"loc":{"start":{"line":133,"column":4},"end":{"line":141,"column":5}},"type":"if","locations":[{"start":{"line":133,"column":4},"end":{"line":141,"column":5}},{"start":{"line":135,"column":11},"end":{"line":141,"column":5}}],"line":133},"6":{"loc":{"start":{"line":156,"column":4},"end":{"line":164,"column":5}},"type":"if","locations":[{"start":{"line":156,"column":4},"end":{"line":164,"column":5}},{"start":{"line":158,"column":11},"end":{"line":164,"column":5}}],"line":156},"7":{"loc":{"start":{"line":181,"column":4},"end":{"line":185,"column":5}},"type":"if","locations":[{"start":{"line":181,"column":4},"end":{"line":185,"column":5}},{"start":{"line":183,"column":11},"end":{"line":185,"column":5}}],"line":181}},"s":{"0":1,"1":1,"2":1,"3":1,"4":1,"5":1,"6":1,"7":1,"8":1,"9":1,"10":1,"11":1,"12":1,"13":1,"14":1,"15":1,"16":1,"17":3,"18":3,"19":3,"20":3,"21":3,"22":3,"23":3,"24":1,"25":1,"26":1,"27":0,"28":1,"29":2,"30":2,"31":2,"32":2,"33":1,"34":1,"35":1,"36":0,"37":1,"38":2,"39":2,"40":2,"41":2,"42":1,"43":1,"44":1,"45":0,"46":1,"47":1,"48":1,"49":1,"50":0,"51":0,"52":1,"53":1,"54":1,"55":1,"56":0,"57":0,"58":1,"59":2,"60":2,"61":2,"62":2,"63":1,"64":1,"65":1,"66":0,"67":1,"68":2,"69":2,"70":2,"71":2,"72":1,"73":1,"74":1,"75":0,"76":0,"77":1,"78":2,"79":2,"80":2,"81":2,"82":1,"83":1,"84":0,"85":0,"86":1},"f":{"0":1,"1":3,"2":2,"3":2,"4":1,"5":1,"6":2,"7":2,"8":2},"b":{"0":[3,0],"1":[3,3,3,3],"2":[1,0],"3":[1,1],"4":[1,1],"5":[1,1],"6":[1,1],"7":[1,1]},"_coverageSchema":"1a1c01bbd47fc00a2c39e90264f33305004495a9","hash":"d0ad16fa3f278bcfbed148e9d715d98838774058"}
}
