{"C:\\Users\\rushi\\Documents\\TurnUp\\Testing\\NoMockBackend\\NewEventManager\\eventManager.js": {"path":"C:\\Users\\rushi\\Documents\\TurnUp\\Testing\\NoMockBackend\\NewEventManager\\eventManager.js","statementMap":{"0":{"start":{"line":1,"column":16},"end":{"line":1,"column":34}},"1":{"start":{"line":2,"column":12},"end":{"line":2,"column":21}},"2":{"start":{"line":3,"column":0},"end":{"line":3,"column":24}},"3":{"start":{"line":5,"column":19},"end":{"line":5,"column":49}},"4":{"start":{"line":6,"column":0},"end":{"line":6,"column":31}},"5":{"start":{"line":8,"column":20},"end":{"line":8,"column":51}},"6":{"start":{"line":9,"column":0},"end":{"line":9,"column":25}},"7":{"start":{"line":11,"column":0},"end":{"line":11,"column":21}}},"fnMap":{},"branchMap":{},"s":{"0":1,"1":1,"2":1,"3":1,"4":1,"5":1,"6":1,"7":1},"f":{},"b":{},"_coverageSchema":"1a1c01bbd47fc00a2c39e90264f33305004495a9","hash":"5ad3bc67b6d0f950321fd500f298539f2877aab1"}
,"C:\\Users\\rushi\\Documents\\TurnUp\\Testing\\NoMockBackend\\NewEventManager\\routes\\eventFilter.js": {"path":"C:\\Users\\rushi\\Documents\\TurnUp\\Testing\\NoMockBackend\\NewEventManager\\routes\\eventFilter.js","statementMap":{"0":{"start":{"line":1,"column":16},"end":{"line":1,"column":34}},"1":{"start":{"line":2,"column":15},"end":{"line":2,"column":31}},"2":{"start":{"line":3,"column":24},"end":{"line":3,"column":42}},"3":{"start":{"line":4,"column":15},"end":{"line":4,"column":59}},"4":{"start":{"line":7,"column":0},"end":{"line":21,"column":3}},"5":{"start":{"line":8,"column":2},"end":{"line":20,"column":3}},"6":{"start":{"line":9,"column":19},"end":{"line":9,"column":32}},"7":{"start":{"line":10,"column":4},"end":{"line":10,"column":26}},"8":{"start":{"line":11,"column":19},"end":{"line":14,"column":25}},"9":{"start":{"line":15,"column":18},"end":{"line":15,"column":40}},"10":{"start":{"line":16,"column":4},"end":{"line":16,"column":34}},"11":{"start":{"line":18,"column":4},"end":{"line":18,"column":21}},"12":{"start":{"line":19,"column":4},"end":{"line":19,"column":30}},"13":{"start":{"line":24,"column":0},"end":{"line":38,"column":3}},"14":{"start":{"line":25,"column":2},"end":{"line":37,"column":3}},"15":{"start":{"line":26,"column":19},"end":{"line":30,"column":27}},"16":{"start":{"line":31,"column":18},"end":{"line":31,"column":40}},"17":{"start":{"line":32,"column":4},"end":{"line":32,"column":25}},"18":{"start":{"line":33,"column":4},"end":{"line":33,"column":34}},"19":{"start":{"line":35,"column":4},"end":{"line":35,"column":21}},"20":{"start":{"line":36,"column":4},"end":{"line":36,"column":30}},"21":{"start":{"line":40,"column":0},"end":{"line":40,"column":24}}},"fnMap":{"0":{"name":"(anonymous_0)","decl":{"start":{"line":7,"column":34},"end":{"line":7,"column":35}},"loc":{"start":{"line":7,"column":54},"end":{"line":21,"column":1}},"line":7},"1":{"name":"(anonymous_1)","decl":{"start":{"line":24,"column":32},"end":{"line":24,"column":33}},"loc":{"start":{"line":24,"column":52},"end":{"line":38,"column":1}},"line":24}},"branchMap":{},"s":{"0":1,"1":1,"2":1,"3":1,"4":1,"5":2,"6":2,"7":2,"8":2,"9":2,"10":2,"11":0,"12":0,"13":1,"14":1,"15":1,"16":1,"17":1,"18":1,"19":0,"20":0,"21":1},"f":{"0":2,"1":1},"b":{},"_coverageSchema":"1a1c01bbd47fc00a2c39e90264f33305004495a9","hash":"51e06ff3de36fe167113ef37f51c7787ace77077"}
,"C:\\Users\\rushi\\Documents\\TurnUp\\Testing\\NoMockBackend\\NewEventManager\\routes\\eventStore.js": {"path":"C:\\Users\\rushi\\Documents\\TurnUp\\Testing\\NoMockBackend\\NewEventManager\\routes\\eventStore.js","statementMap":{"0":{"start":{"line":1,"column":16},"end":{"line":1,"column":34}},"1":{"start":{"line":2,"column":15},"end":{"line":2,"column":31}},"2":{"start":{"line":3,"column":24},"end":{"line":3,"column":42}},"3":{"start":{"line":4,"column":15},"end":{"line":4,"column":59}},"4":{"start":{"line":7,"column":0},"end":{"line":23,"column":3}},"5":{"start":{"line":8,"column":2},"end":{"line":22,"column":3}},"6":{"start":{"line":9,"column":18},"end":{"line":9,"column":36}},"7":{"start":{"line":10,"column":20},"end":{"line":13,"column":33}},"8":{"start":{"line":14,"column":4},"end":{"line":18,"column":5}},"9":{"start":{"line":15,"column":6},"end":{"line":15,"column":36}},"10":{"start":{"line":17,"column":6},"end":{"line":17,"column":31}},"11":{"start":{"line":20,"column":4},"end":{"line":20,"column":21}},"12":{"start":{"line":21,"column":4},"end":{"line":21,"column":30}},"13":{"start":{"line":26,"column":0},"end":{"line":42,"column":3}},"14":{"start":{"line":27,"column":2},"end":{"line":41,"column":3}},"15":{"start":{"line":28,"column":17},"end":{"line":28,"column":34}},"16":{"start":{"line":29,"column":18},"end":{"line":29,"column":26}},"17":{"start":{"line":30,"column":4},"end":{"line":30,"column":48}},"18":{"start":{"line":31,"column":4},"end":{"line":31,"column":76}},"19":{"start":{"line":32,"column":18},"end":{"line":32,"column":40}},"20":{"start":{"line":33,"column":4},"end":{"line":36,"column":68}},"21":{"start":{"line":37,"column":4},"end":{"line":37,"column":34}},"22":{"start":{"line":39,"column":4},"end":{"line":39,"column":21}},"23":{"start":{"line":40,"column":4},"end":{"line":40,"column":30}},"24":{"start":{"line":45,"column":0},"end":{"line":64,"column":3}},"25":{"start":{"line":46,"column":2},"end":{"line":63,"column":3}},"26":{"start":{"line":47,"column":18},"end":{"line":47,"column":36}},"27":{"start":{"line":48,"column":17},"end":{"line":48,"column":34}},"28":{"start":{"line":49,"column":16},"end":{"line":56,"column":7}},"29":{"start":{"line":57,"column":4},"end":{"line":59,"column":63}},"30":{"start":{"line":58,"column":6},"end":{"line":58,"column":73}},"31":{"start":{"line":59,"column":9},"end":{"line":59,"column":63}},"32":{"start":{"line":61,"column":4},"end":{"line":61,"column":21}},"33":{"start":{"line":62,"column":4},"end":{"line":62,"column":30}},"34":{"start":{"line":67,"column":0},"end":{"line":87,"column":3}},"35":{"start":{"line":68,"column":2},"end":{"line":86,"column":3}},"36":{"start":{"line":69,"column":18},"end":{"line":69,"column":36}},"37":{"start":{"line":70,"column":17},"end":{"line":70,"column":34}},"38":{"start":{"line":71,"column":16},"end":{"line":74,"column":30}},"39":{"start":{"line":75,"column":4},"end":{"line":76,"column":46}},"40":{"start":{"line":76,"column":6},"end":{"line":76,"column":46}},"41":{"start":{"line":77,"column":16},"end":{"line":80,"column":52}},"42":{"start":{"line":81,"column":4},"end":{"line":83,"column":60}},"43":{"start":{"line":82,"column":6},"end":{"line":82,"column":54}},"44":{"start":{"line":83,"column":9},"end":{"line":83,"column":60}},"45":{"start":{"line":85,"column":4},"end":{"line":85,"column":21}},"46":{"start":{"line":90,"column":0},"end":{"line":99,"column":3}},"47":{"start":{"line":91,"column":2},"end":{"line":98,"column":3}},"48":{"start":{"line":92,"column":19},"end":{"line":92,"column":72}},"49":{"start":{"line":93,"column":20},"end":{"line":93,"column":42}},"50":{"start":{"line":94,"column":4},"end":{"line":94,"column":49}},"51":{"start":{"line":96,"column":4},"end":{"line":96,"column":21}},"52":{"start":{"line":97,"column":4},"end":{"line":97,"column":30}},"53":{"start":{"line":101,"column":0},"end":{"line":101,"column":24}}},"fnMap":{"0":{"name":"(anonymous_0)","decl":{"start":{"line":7,"column":24},"end":{"line":7,"column":25}},"loc":{"start":{"line":7,"column":44},"end":{"line":23,"column":1}},"line":7},"1":{"name":"(anonymous_1)","decl":{"start":{"line":26,"column":24},"end":{"line":26,"column":25}},"loc":{"start":{"line":26,"column":44},"end":{"line":42,"column":1}},"line":26},"2":{"name":"(anonymous_2)","decl":{"start":{"line":45,"column":32},"end":{"line":45,"column":33}},"loc":{"start":{"line":45,"column":52},"end":{"line":64,"column":1}},"line":45},"3":{"name":"(anonymous_3)","decl":{"start":{"line":67,"column":35},"end":{"line":67,"column":36}},"loc":{"start":{"line":67,"column":55},"end":{"line":87,"column":1}},"line":67},"4":{"name":"(anonymous_4)","decl":{"start":{"line":90,"column":16},"end":{"line":90,"column":17}},"loc":{"start":{"line":90,"column":36},"end":{"line":99,"column":1}},"line":90}},"branchMap":{"0":{"loc":{"start":{"line":14,"column":4},"end":{"line":18,"column":5}},"type":"if","locations":[{"start":{"line":14,"column":4},"end":{"line":18,"column":5}},{"start":{"line":16,"column":11},"end":{"line":18,"column":5}}],"line":14},"1":{"loc":{"start":{"line":57,"column":4},"end":{"line":59,"column":63}},"type":"if","locations":[{"start":{"line":57,"column":4},"end":{"line":59,"column":63}},{"start":{"line":59,"column":9},"end":{"line":59,"column":63}}],"line":57},"2":{"loc":{"start":{"line":75,"column":4},"end":{"line":76,"column":46}},"type":"if","locations":[{"start":{"line":75,"column":4},"end":{"line":76,"column":46}},{"start":{},"end":{}}],"line":75},"3":{"loc":{"start":{"line":81,"column":4},"end":{"line":83,"column":60}},"type":"if","locations":[{"start":{"line":81,"column":4},"end":{"line":83,"column":60}},{"start":{"line":83,"column":9},"end":{"line":83,"column":60}}],"line":81}},"s":{"0":1,"1":1,"2":1,"3":1,"4":1,"5":2,"6":2,"7":2,"8":2,"9":1,"10":1,"11":0,"12":0,"13":1,"14":1,"15":1,"16":1,"17":1,"18":1,"19":1,"20":1,"21":1,"22":0,"23":0,"24":1,"25":2,"26":2,"27":2,"28":2,"29":2,"30":1,"31":1,"32":0,"33":0,"34":1,"35":3,"36":3,"37":3,"38":3,"39":3,"40":1,"41":3,"42":3,"43":2,"44":1,"45":1,"46":1,"47":1,"48":1,"49":1,"50":1,"51":0,"52":0,"53":1},"f":{"0":2,"1":1,"2":2,"3":3,"4":1},"b":{"0":[1,1],"1":[1,1],"2":[1,2],"3":[2,1]},"_coverageSchema":"1a1c01bbd47fc00a2c39e90264f33305004495a9","hash":"d584c1ea5ae49a1909b1ffadcd5054e5e689d30b"}
,"C:\\Users\\rushi\\Documents\\TurnUp\\Testing\\NoMockBackend\\NewLocationManager\\locationServer.js": {"path":"C:\\Users\\rushi\\Documents\\TurnUp\\Testing\\NoMockBackend\\NewLocationManager\\locationServer.js","statementMap":{"0":{"start":{"line":1,"column":24},"end":{"line":1,"column":42}},"1":{"start":{"line":2,"column":12},"end":{"line":2,"column":39}},"2":{"start":{"line":3,"column":16},"end":{"line":3,"column":34}},"3":{"start":{"line":4,"column":12},"end":{"line":4,"column":21}},"4":{"start":{"line":5,"column":15},"end":{"line":5,"column":35}},"5":{"start":{"line":7,"column":0},"end":{"line":7,"column":24}},"6":{"start":{"line":11,"column":0},"end":{"line":41,"column":3}},"7":{"start":{"line":12,"column":13},"end":{"line":12,"column":32}},"8":{"start":{"line":13,"column":14},"end":{"line":13,"column":34}},"9":{"start":{"line":14,"column":13},"end":{"line":14,"column":32}},"10":{"start":{"line":15,"column":14},"end":{"line":15,"column":34}},"11":{"start":{"line":17,"column":18},"end":{"line":17,"column":20}},"12":{"start":{"line":19,"column":2},"end":{"line":21,"column":5}},"13":{"start":{"line":20,"column":4},"end":{"line":20,"column":20}},"14":{"start":{"line":23,"column":2},"end":{"line":34,"column":5}},"15":{"start":{"line":24,"column":18},"end":{"line":24,"column":40}},"16":{"start":{"line":25,"column":19},"end":{"line":25,"column":41}},"17":{"start":{"line":26,"column":4},"end":{"line":33,"column":5}},"18":{"start":{"line":32,"column":6},"end":{"line":32,"column":30}},"19":{"start":{"line":36,"column":2},"end":{"line":40,"column":3}},"20":{"start":{"line":37,"column":4},"end":{"line":37,"column":36}},"21":{"start":{"line":39,"column":4},"end":{"line":39,"column":49}},"22":{"start":{"line":45,"column":0},"end":{"line":64,"column":3}},"23":{"start":{"line":46,"column":2},"end":{"line":63,"column":3}},"24":{"start":{"line":47,"column":16},"end":{"line":47,"column":37}},"25":{"start":{"line":48,"column":14},"end":{"line":51,"column":31}},"26":{"start":{"line":52,"column":4},"end":{"line":60,"column":5}},"27":{"start":{"line":53,"column":6},"end":{"line":53,"column":49}},"28":{"start":{"line":55,"column":6},"end":{"line":58,"column":57}},"29":{"start":{"line":59,"column":6},"end":{"line":59,"column":48}},"30":{"start":{"line":62,"column":4},"end":{"line":62,"column":21}},"31":{"start":{"line":68,"column":0},"end":{"line":87,"column":3}},"32":{"start":{"line":69,"column":2},"end":{"line":86,"column":3}},"33":{"start":{"line":70,"column":16},"end":{"line":70,"column":37}},"34":{"start":{"line":71,"column":14},"end":{"line":74,"column":31}},"35":{"start":{"line":75,"column":4},"end":{"line":83,"column":5}},"36":{"start":{"line":76,"column":6},"end":{"line":76,"column":49}},"37":{"start":{"line":78,"column":6},"end":{"line":81,"column":60}},"38":{"start":{"line":82,"column":6},"end":{"line":82,"column":50}},"39":{"start":{"line":85,"column":4},"end":{"line":85,"column":21}},"40":{"start":{"line":91,"column":0},"end":{"line":103,"column":3}},"41":{"start":{"line":92,"column":2},"end":{"line":102,"column":3}},"42":{"start":{"line":93,"column":19},"end":{"line":97,"column":16}},"43":{"start":{"line":98,"column":4},"end":{"line":98,"column":33}},"44":{"start":{"line":100,"column":4},"end":{"line":100,"column":21}},"45":{"start":{"line":101,"column":4},"end":{"line":101,"column":28}},"46":{"start":{"line":107,"column":0},"end":{"line":115,"column":3}},"47":{"start":{"line":108,"column":2},"end":{"line":114,"column":3}},"48":{"start":{"line":109,"column":4},"end":{"line":109,"column":72}},"49":{"start":{"line":110,"column":4},"end":{"line":110,"column":58}},"50":{"start":{"line":112,"column":4},"end":{"line":112,"column":21}},"51":{"start":{"line":113,"column":4},"end":{"line":113,"column":28}},"52":{"start":{"line":119,"column":0},"end":{"line":138,"column":3}},"53":{"start":{"line":120,"column":2},"end":{"line":137,"column":3}},"54":{"start":{"line":121,"column":16},"end":{"line":121,"column":37}},"55":{"start":{"line":122,"column":14},"end":{"line":125,"column":31}},"56":{"start":{"line":126,"column":4},"end":{"line":134,"column":5}},"57":{"start":{"line":127,"column":6},"end":{"line":127,"column":51}},"58":{"start":{"line":129,"column":6},"end":{"line":132,"column":75}},"59":{"start":{"line":133,"column":6},"end":{"line":133,"column":63}},"60":{"start":{"line":136,"column":4},"end":{"line":136,"column":21}},"61":{"start":{"line":142,"column":0},"end":{"line":162,"column":3}},"62":{"start":{"line":143,"column":2},"end":{"line":161,"column":3}},"63":{"start":{"line":144,"column":16},"end":{"line":144,"column":37}},"64":{"start":{"line":145,"column":14},"end":{"line":148,"column":31}},"65":{"start":{"line":149,"column":4},"end":{"line":157,"column":5}},"66":{"start":{"line":150,"column":6},"end":{"line":150,"column":51}},"67":{"start":{"line":152,"column":6},"end":{"line":155,"column":37}},"68":{"start":{"line":156,"column":6},"end":{"line":156,"column":63}},"69":{"start":{"line":159,"column":4},"end":{"line":159,"column":21}},"70":{"start":{"line":160,"column":4},"end":{"line":160,"column":28}},"71":{"start":{"line":166,"column":0},"end":{"line":183,"column":3}},"72":{"start":{"line":167,"column":2},"end":{"line":182,"column":3}},"73":{"start":{"line":168,"column":16},"end":{"line":168,"column":37}},"74":{"start":{"line":169,"column":20},"end":{"line":173,"column":16}},"75":{"start":{"line":174,"column":4},"end":{"line":178,"column":5}},"76":{"start":{"line":175,"column":6},"end":{"line":175,"column":36}},"77":{"start":{"line":177,"column":6},"end":{"line":177,"column":31}},"78":{"start":{"line":180,"column":4},"end":{"line":180,"column":21}},"79":{"start":{"line":181,"column":4},"end":{"line":181,"column":28}},"80":{"start":{"line":185,"column":0},"end":{"line":185,"column":21}}},"fnMap":{"0":{"name":"(anonymous_0)","decl":{"start":{"line":11,"column":37},"end":{"line":11,"column":38}},"loc":{"start":{"line":11,"column":57},"end":{"line":41,"column":1}},"line":11},"1":{"name":"(anonymous_1)","decl":{"start":{"line":19,"column":58},"end":{"line":19,"column":59}},"loc":{"start":{"line":19,"column":67},"end":{"line":21,"column":3}},"line":19},"2":{"name":"(anonymous_2)","decl":{"start":{"line":23,"column":21},"end":{"line":23,"column":22}},"loc":{"start":{"line":23,"column":34},"end":{"line":34,"column":3}},"line":23},"3":{"name":"(anonymous_3)","decl":{"start":{"line":45,"column":33},"end":{"line":45,"column":34}},"loc":{"start":{"line":45,"column":53},"end":{"line":64,"column":1}},"line":45},"4":{"name":"(anonymous_4)","decl":{"start":{"line":68,"column":37},"end":{"line":68,"column":38}},"loc":{"start":{"line":68,"column":57},"end":{"line":87,"column":1}},"line":68},"5":{"name":"(anonymous_5)","decl":{"start":{"line":91,"column":22},"end":{"line":91,"column":23}},"loc":{"start":{"line":91,"column":42},"end":{"line":103,"column":1}},"line":91},"6":{"name":"(anonymous_6)","decl":{"start":{"line":107,"column":31},"end":{"line":107,"column":32}},"loc":{"start":{"line":107,"column":51},"end":{"line":115,"column":1}},"line":107},"7":{"name":"(anonymous_7)","decl":{"start":{"line":119,"column":34},"end":{"line":119,"column":35}},"loc":{"start":{"line":119,"column":54},"end":{"line":138,"column":1}},"line":119},"8":{"name":"(anonymous_8)","decl":{"start":{"line":142,"column":37},"end":{"line":142,"column":38}},"loc":{"start":{"line":142,"column":57},"end":{"line":162,"column":1}},"line":142},"9":{"name":"(anonymous_9)","decl":{"start":{"line":166,"column":34},"end":{"line":166,"column":35}},"loc":{"start":{"line":166,"column":54},"end":{"line":183,"column":1}},"line":166}},"branchMap":{"0":{"loc":{"start":{"line":26,"column":4},"end":{"line":33,"column":5}},"type":"if","locations":[{"start":{"line":26,"column":4},"end":{"line":33,"column":5}},{"start":{},"end":{}}],"line":26},"1":{"loc":{"start":{"line":27,"column":6},"end":{"line":30,"column":21}},"type":"binary-expr","locations":[{"start":{"line":27,"column":6},"end":{"line":27,"column":23}},{"start":{"line":28,"column":6},"end":{"line":28,"column":21}},{"start":{"line":29,"column":6},"end":{"line":29,"column":23}},{"start":{"line":30,"column":6},"end":{"line":30,"column":21}}],"line":27},"2":{"loc":{"start":{"line":36,"column":2},"end":{"line":40,"column":3}},"type":"if","locations":[{"start":{"line":36,"column":2},"end":{"line":40,"column":3}},{"start":{"line":38,"column":9},"end":{"line":40,"column":3}}],"line":36},"3":{"loc":{"start":{"line":52,"column":4},"end":{"line":60,"column":5}},"type":"if","locations":[{"start":{"line":52,"column":4},"end":{"line":60,"column":5}},{"start":{"line":54,"column":11},"end":{"line":60,"column":5}}],"line":52},"4":{"loc":{"start":{"line":75,"column":4},"end":{"line":83,"column":5}},"type":"if","locations":[{"start":{"line":75,"column":4},"end":{"line":83,"column":5}},{"start":{"line":77,"column":11},"end":{"line":83,"column":5}}],"line":75},"5":{"loc":{"start":{"line":126,"column":4},"end":{"line":134,"column":5}},"type":"if","locations":[{"start":{"line":126,"column":4},"end":{"line":134,"column":5}},{"start":{"line":128,"column":11},"end":{"line":134,"column":5}}],"line":126},"6":{"loc":{"start":{"line":149,"column":4},"end":{"line":157,"column":5}},"type":"if","locations":[{"start":{"line":149,"column":4},"end":{"line":157,"column":5}},{"start":{"line":151,"column":11},"end":{"line":157,"column":5}}],"line":149},"7":{"loc":{"start":{"line":174,"column":4},"end":{"line":178,"column":5}},"type":"if","locations":[{"start":{"line":174,"column":4},"end":{"line":178,"column":5}},{"start":{"line":176,"column":11},"end":{"line":178,"column":5}}],"line":174}},"s":{"0":1,"1":1,"2":1,"3":1,"4":1,"5":1,"6":1,"7":0,"8":0,"9":0,"10":0,"11":0,"12":0,"13":0,"14":0,"15":0,"16":0,"17":0,"18":0,"19":0,"20":0,"21":0,"22":1,"23":2,"24":2,"25":2,"26":2,"27":1,"28":1,"29":1,"30":0,"31":1,"32":2,"33":2,"34":2,"35":2,"36":1,"37":1,"38":1,"39":0,"40":1,"41":1,"42":1,"43":1,"44":0,"45":0,"46":1,"47":1,"48":1,"49":1,"50":0,"51":0,"52":1,"53":2,"54":2,"55":2,"56":2,"57":1,"58":1,"59":1,"60":0,"61":1,"62":2,"63":2,"64":2,"65":2,"66":1,"67":1,"68":1,"69":0,"70":0,"71":1,"72":2,"73":2,"74":2,"75":2,"76":1,"77":1,"78":0,"79":0,"80":1},"f":{"0":0,"1":0,"2":0,"3":2,"4":2,"5":1,"6":1,"7":2,"8":2,"9":2},"b":{"0":[0,0],"1":[0,0,0,0],"2":[0,0],"3":[1,1],"4":[1,1],"5":[1,1],"6":[1,1],"7":[1,1]},"_coverageSchema":"1a1c01bbd47fc00a2c39e90264f33305004495a9","hash":"8db8acc4a0f2915045fc0b52a86f4a00b8ce3f43"}
,"C:\\Users\\rushi\\Documents\\TurnUp\\Testing\\NoMockBackend\\NewUserManager\\TestsWithMocking\\UserHandlerTest.js": {"path":"C:\\Users\\rushi\\Documents\\TurnUp\\Testing\\NoMockBackend\\NewUserManager\\TestsWithMocking\\UserHandlerTest.js","statementMap":{"0":{"start":{"line":1,"column":14},"end":{"line":1,"column":32}},"1":{"start":{"line":2,"column":10},"end":{"line":2,"column":19}},"2":{"start":{"line":4,"column":23},"end":{"line":4,"column":53}},"3":{"start":{"line":5,"column":27},"end":{"line":5,"column":68}},"4":{"start":{"line":6,"column":28},"end":{"line":6,"column":70}},"5":{"start":{"line":7,"column":25},"end":{"line":7,"column":64}},"6":{"start":{"line":9,"column":0},"end":{"line":9,"column":23}},"7":{"start":{"line":12,"column":0},"end":{"line":12,"column":33}},"8":{"start":{"line":13,"column":0},"end":{"line":13,"column":45}},"9":{"start":{"line":14,"column":0},"end":{"line":14,"column":48}},"10":{"start":{"line":15,"column":0},"end":{"line":15,"column":42}},"11":{"start":{"line":17,"column":0},"end":{"line":17,"column":21}}},"fnMap":{},"branchMap":{},"s":{"0":1,"1":1,"2":1,"3":1,"4":1,"5":1,"6":1,"7":1,"8":1,"9":1,"10":1,"11":1},"f":{},"b":{},"_coverageSchema":"1a1c01bbd47fc00a2c39e90264f33305004495a9","hash":"c4178ca7cebc46de64ead4709791f9b4feae710a"}
,"C:\\Users\\rushi\\Documents\\TurnUp\\Testing\\NoMockBackend\\NewUserManager\\routes\\LikedEventsHandler.js": {"path":"C:\\Users\\rushi\\Documents\\TurnUp\\Testing\\NoMockBackend\\NewUserManager\\routes\\LikedEventsHandler.js","statementMap":{"0":{"start":{"line":1,"column":14},"end":{"line":1,"column":32}},"1":{"start":{"line":2,"column":15},"end":{"line":2,"column":31}},"2":{"start":{"line":4,"column":14},"end":{"line":4,"column":38}},"3":{"start":{"line":10,"column":1},"end":{"line":23,"column":2}},"4":{"start":{"line":11,"column":4},"end":{"line":22,"column":5}},"5":{"start":{"line":13,"column":8},"end":{"line":15,"column":11}},"6":{"start":{"line":14,"column":12},"end":{"line":14,"column":33}},"7":{"start":{"line":16,"column":8},"end":{"line":16,"column":29}},"8":{"start":{"line":17,"column":8},"end":{"line":17,"column":50}},"9":{"start":{"line":20,"column":8},"end":{"line":20,"column":24}},"10":{"start":{"line":21,"column":8},"end":{"line":21,"column":33}},"11":{"start":{"line":29,"column":1},"end":{"line":51,"column":2}},"12":{"start":{"line":30,"column":4},"end":{"line":50,"column":5}},"13":{"start":{"line":31,"column":8},"end":{"line":31,"column":40}},"14":{"start":{"line":33,"column":8},"end":{"line":35,"column":11}},"15":{"start":{"line":34,"column":12},"end":{"line":34,"column":34}},"16":{"start":{"line":36,"column":26},"end":{"line":36,"column":47}},"17":{"start":{"line":37,"column":8},"end":{"line":39,"column":9}},"18":{"start":{"line":38,"column":12},"end":{"line":38,"column":46}},"19":{"start":{"line":40,"column":8},"end":{"line":40,"column":30}},"20":{"start":{"line":41,"column":8},"end":{"line":43,"column":11}},"21":{"start":{"line":44,"column":8},"end":{"line":44,"column":39}},"22":{"start":{"line":45,"column":8},"end":{"line":45,"column":39}},"23":{"start":{"line":48,"column":8},"end":{"line":48,"column":24}},"24":{"start":{"line":49,"column":8},"end":{"line":49,"column":33}},"25":{"start":{"line":56,"column":1},"end":{"line":78,"column":2}},"26":{"start":{"line":57,"column":4},"end":{"line":77,"column":5}},"27":{"start":{"line":58,"column":8},"end":{"line":58,"column":40}},"28":{"start":{"line":60,"column":8},"end":{"line":62,"column":11}},"29":{"start":{"line":61,"column":12},"end":{"line":61,"column":34}},"30":{"start":{"line":63,"column":26},"end":{"line":63,"column":47}},"31":{"start":{"line":64,"column":22},"end":{"line":64,"column":59}},"32":{"start":{"line":65,"column":8},"end":{"line":67,"column":9}},"33":{"start":{"line":66,"column":12},"end":{"line":66,"column":39}},"34":{"start":{"line":68,"column":8},"end":{"line":68,"column":30}},"35":{"start":{"line":69,"column":8},"end":{"line":71,"column":11}},"36":{"start":{"line":72,"column":8},"end":{"line":72,"column":39}},"37":{"start":{"line":75,"column":8},"end":{"line":75,"column":24}},"38":{"start":{"line":76,"column":8},"end":{"line":76,"column":33}},"39":{"start":{"line":80,"column":0},"end":{"line":80,"column":23}}},"fnMap":{"0":{"name":"(anonymous_0)","decl":{"start":{"line":10,"column":24},"end":{"line":10,"column":25}},"loc":{"start":{"line":10,"column":42},"end":{"line":23,"column":1}},"line":10},"1":{"name":"(anonymous_1)","decl":{"start":{"line":13,"column":79},"end":{"line":13,"column":80}},"loc":{"start":{"line":13,"column":87},"end":{"line":15,"column":9}},"line":13},"2":{"name":"(anonymous_2)","decl":{"start":{"line":29,"column":34},"end":{"line":29,"column":35}},"loc":{"start":{"line":29,"column":52},"end":{"line":51,"column":1}},"line":29},"3":{"name":"(anonymous_3)","decl":{"start":{"line":33,"column":79},"end":{"line":33,"column":80}},"loc":{"start":{"line":33,"column":87},"end":{"line":35,"column":9}},"line":33},"4":{"name":"(anonymous_4)","decl":{"start":{"line":56,"column":36},"end":{"line":56,"column":37}},"loc":{"start":{"line":56,"column":54},"end":{"line":78,"column":1}},"line":56},"5":{"name":"(anonymous_5)","decl":{"start":{"line":60,"column":79},"end":{"line":60,"column":80}},"loc":{"start":{"line":60,"column":87},"end":{"line":62,"column":9}},"line":60}},"branchMap":{"0":{"loc":{"start":{"line":37,"column":8},"end":{"line":39,"column":9}},"type":"if","locations":[{"start":{"line":37,"column":8},"end":{"line":39,"column":9}},{"start":{},"end":{}}],"line":37},"1":{"loc":{"start":{"line":65,"column":8},"end":{"line":67,"column":9}},"type":"if","locations":[{"start":{"line":65,"column":8},"end":{"line":67,"column":9}},{"start":{},"end":{}}],"line":65}},"s":{"0":1,"1":1,"2":1,"3":1,"4":2,"5":2,"6":2,"7":2,"8":2,"9":1,"10":1,"11":1,"12":2,"13":2,"14":2,"15":2,"16":2,"17":1,"18":1,"19":1,"20":1,"21":1,"22":1,"23":1,"24":1,"25":1,"26":2,"27":2,"28":2,"29":2,"30":2,"31":1,"32":1,"33":1,"34":1,"35":1,"36":1,"37":1,"38":1,"39":1},"f":{"0":2,"1":2,"2":2,"3":2,"4":2,"5":2},"b":{"0":[1,0],"1":[1,0]},"_coverageSchema":"1a1c01bbd47fc00a2c39e90264f33305004495a9","hash":"fff0e608e36ca9e73e01199b139e41e85cfd6390"}
,"C:\\Users\\rushi\\Documents\\TurnUp\\Testing\\NoMockBackend\\NewUserManager\\routes\\LikedLocationsHandler.js": {"path":"C:\\Users\\rushi\\Documents\\TurnUp\\Testing\\NoMockBackend\\NewUserManager\\routes\\LikedLocationsHandler.js","statementMap":{"0":{"start":{"line":1,"column":14},"end":{"line":1,"column":32}},"1":{"start":{"line":2,"column":15},"end":{"line":2,"column":31}},"2":{"start":{"line":4,"column":14},"end":{"line":4,"column":38}},"3":{"start":{"line":11,"column":1},"end":{"line":24,"column":2}},"4":{"start":{"line":12,"column":4},"end":{"line":23,"column":5}},"5":{"start":{"line":14,"column":8},"end":{"line":16,"column":11}},"6":{"start":{"line":15,"column":12},"end":{"line":15,"column":33}},"7":{"start":{"line":17,"column":8},"end":{"line":17,"column":29}},"8":{"start":{"line":18,"column":8},"end":{"line":18,"column":53}},"9":{"start":{"line":21,"column":8},"end":{"line":21,"column":24}},"10":{"start":{"line":22,"column":8},"end":{"line":22,"column":33}},"11":{"start":{"line":30,"column":1},"end":{"line":51,"column":2}},"12":{"start":{"line":31,"column":4},"end":{"line":50,"column":5}},"13":{"start":{"line":32,"column":8},"end":{"line":32,"column":40}},"14":{"start":{"line":34,"column":8},"end":{"line":36,"column":11}},"15":{"start":{"line":35,"column":12},"end":{"line":35,"column":34}},"16":{"start":{"line":37,"column":29},"end":{"line":37,"column":53}},"17":{"start":{"line":38,"column":8},"end":{"line":40,"column":9}},"18":{"start":{"line":39,"column":12},"end":{"line":39,"column":52}},"19":{"start":{"line":41,"column":8},"end":{"line":41,"column":33}},"20":{"start":{"line":42,"column":8},"end":{"line":44,"column":11}},"21":{"start":{"line":45,"column":8},"end":{"line":45,"column":42}},"22":{"start":{"line":48,"column":8},"end":{"line":48,"column":24}},"23":{"start":{"line":49,"column":8},"end":{"line":49,"column":33}},"24":{"start":{"line":56,"column":1},"end":{"line":78,"column":2}},"25":{"start":{"line":57,"column":4},"end":{"line":77,"column":5}},"26":{"start":{"line":58,"column":8},"end":{"line":58,"column":40}},"27":{"start":{"line":60,"column":8},"end":{"line":62,"column":11}},"28":{"start":{"line":61,"column":12},"end":{"line":61,"column":34}},"29":{"start":{"line":63,"column":29},"end":{"line":63,"column":53}},"30":{"start":{"line":64,"column":22},"end":{"line":64,"column":65}},"31":{"start":{"line":65,"column":8},"end":{"line":67,"column":9}},"32":{"start":{"line":66,"column":12},"end":{"line":66,"column":42}},"33":{"start":{"line":68,"column":8},"end":{"line":68,"column":33}},"34":{"start":{"line":69,"column":8},"end":{"line":71,"column":11}},"35":{"start":{"line":72,"column":8},"end":{"line":72,"column":42}},"36":{"start":{"line":75,"column":8},"end":{"line":75,"column":24}},"37":{"start":{"line":76,"column":8},"end":{"line":76,"column":33}},"38":{"start":{"line":80,"column":0},"end":{"line":80,"column":23}}},"fnMap":{"0":{"name":"(anonymous_0)","decl":{"start":{"line":11,"column":24},"end":{"line":11,"column":25}},"loc":{"start":{"line":11,"column":42},"end":{"line":24,"column":1}},"line":11},"1":{"name":"(anonymous_1)","decl":{"start":{"line":14,"column":79},"end":{"line":14,"column":80}},"loc":{"start":{"line":14,"column":87},"end":{"line":16,"column":9}},"line":14},"2":{"name":"(anonymous_2)","decl":{"start":{"line":30,"column":37},"end":{"line":30,"column":38}},"loc":{"start":{"line":30,"column":55},"end":{"line":51,"column":1}},"line":30},"3":{"name":"(anonymous_3)","decl":{"start":{"line":34,"column":79},"end":{"line":34,"column":80}},"loc":{"start":{"line":34,"column":87},"end":{"line":36,"column":9}},"line":34},"4":{"name":"(anonymous_4)","decl":{"start":{"line":56,"column":39},"end":{"line":56,"column":40}},"loc":{"start":{"line":56,"column":57},"end":{"line":78,"column":1}},"line":56},"5":{"name":"(anonymous_5)","decl":{"start":{"line":60,"column":79},"end":{"line":60,"column":80}},"loc":{"start":{"line":60,"column":87},"end":{"line":62,"column":9}},"line":60}},"branchMap":{"0":{"loc":{"start":{"line":38,"column":8},"end":{"line":40,"column":9}},"type":"if","locations":[{"start":{"line":38,"column":8},"end":{"line":40,"column":9}},{"start":{},"end":{}}],"line":38},"1":{"loc":{"start":{"line":65,"column":8},"end":{"line":67,"column":9}},"type":"if","locations":[{"start":{"line":65,"column":8},"end":{"line":67,"column":9}},{"start":{},"end":{}}],"line":65}},"s":{"0":1,"1":1,"2":1,"3":1,"4":2,"5":2,"6":2,"7":2,"8":2,"9":1,"10":1,"11":1,"12":2,"13":2,"14":2,"15":2,"16":2,"17":1,"18":1,"19":1,"20":1,"21":1,"22":1,"23":1,"24":1,"25":2,"26":2,"27":2,"28":2,"29":2,"30":1,"31":1,"32":1,"33":1,"34":1,"35":1,"36":1,"37":1,"38":1},"f":{"0":2,"1":2,"2":2,"3":2,"4":2,"5":2},"b":{"0":[1,0],"1":[1,0]},"_coverageSchema":"1a1c01bbd47fc00a2c39e90264f33305004495a9","hash":"d42c4cb4e5231bc0f0d5ddecc50d5bbf3537aa3e"}
,"C:\\Users\\rushi\\Documents\\TurnUp\\Testing\\NoMockBackend\\NewUserManager\\routes\\UIPreferencesHandler.js": {"path":"C:\\Users\\rushi\\Documents\\TurnUp\\Testing\\NoMockBackend\\NewUserManager\\routes\\UIPreferencesHandler.js","statementMap":{"0":{"start":{"line":1,"column":14},"end":{"line":1,"column":32}},"1":{"start":{"line":2,"column":15},"end":{"line":2,"column":31}},"2":{"start":{"line":4,"column":14},"end":{"line":4,"column":38}},"3":{"start":{"line":11,"column":1},"end":{"line":24,"column":2}},"4":{"start":{"line":12,"column":4},"end":{"line":23,"column":5}},"5":{"start":{"line":14,"column":8},"end":{"line":16,"column":11}},"6":{"start":{"line":15,"column":12},"end":{"line":15,"column":33}},"7":{"start":{"line":17,"column":8},"end":{"line":17,"column":29}},"8":{"start":{"line":18,"column":8},"end":{"line":18,"column":52}},"9":{"start":{"line":21,"column":8},"end":{"line":21,"column":24}},"10":{"start":{"line":22,"column":8},"end":{"line":22,"column":33}},"11":{"start":{"line":30,"column":1},"end":{"line":41,"column":2}},"12":{"start":{"line":31,"column":4},"end":{"line":40,"column":5}},"13":{"start":{"line":32,"column":8},"end":{"line":34,"column":11}},"14":{"start":{"line":35,"column":8},"end":{"line":35,"column":38}},"15":{"start":{"line":38,"column":8},"end":{"line":38,"column":24}},"16":{"start":{"line":39,"column":8},"end":{"line":39,"column":33}},"17":{"start":{"line":43,"column":0},"end":{"line":43,"column":23}}},"fnMap":{"0":{"name":"(anonymous_0)","decl":{"start":{"line":11,"column":24},"end":{"line":11,"column":25}},"loc":{"start":{"line":11,"column":42},"end":{"line":24,"column":1}},"line":11},"1":{"name":"(anonymous_1)","decl":{"start":{"line":14,"column":79},"end":{"line":14,"column":80}},"loc":{"start":{"line":14,"column":87},"end":{"line":16,"column":9}},"line":14},"2":{"name":"(anonymous_2)","decl":{"start":{"line":30,"column":24},"end":{"line":30,"column":25}},"loc":{"start":{"line":30,"column":42},"end":{"line":41,"column":1}},"line":30}},"branchMap":{},"s":{"0":1,"1":1,"2":1,"3":1,"4":2,"5":2,"6":2,"7":2,"8":2,"9":1,"10":1,"11":1,"12":2,"13":2,"14":1,"15":1,"16":1,"17":1},"f":{"0":2,"1":2,"2":2},"b":{},"_coverageSchema":"1a1c01bbd47fc00a2c39e90264f33305004495a9","hash":"f205061759dd8b50649dcf217b64c1c5e2fba7ad"}
,"C:\\Users\\rushi\\Documents\\TurnUp\\Testing\\NoMockBackend\\NewUserManager\\routes\\UserStore.js": {"path":"C:\\Users\\rushi\\Documents\\TurnUp\\Testing\\NoMockBackend\\NewUserManager\\routes\\UserStore.js","statementMap":{"0":{"start":{"line":1,"column":14},"end":{"line":1,"column":32}},"1":{"start":{"line":2,"column":15},"end":{"line":2,"column":31}},"2":{"start":{"line":4,"column":22},"end":{"line":4,"column":40}},"3":{"start":{"line":5,"column":12},"end":{"line":5,"column":42}},"4":{"start":{"line":6,"column":15},"end":{"line":6,"column":35}},"5":{"start":{"line":13,"column":1},"end":{"line":22,"column":2}},"6":{"start":{"line":14,"column":4},"end":{"line":21,"column":5}},"7":{"start":{"line":15,"column":23},"end":{"line":15,"column":85}},"8":{"start":{"line":16,"column":8},"end":{"line":16,"column":36}},"9":{"start":{"line":19,"column":8},"end":{"line":19,"column":24}},"10":{"start":{"line":20,"column":8},"end":{"line":20,"column":33}},"11":{"start":{"line":27,"column":1},"end":{"line":39,"column":2}},"12":{"start":{"line":28,"column":4},"end":{"line":38,"column":5}},"13":{"start":{"line":29,"column":8},"end":{"line":29,"column":31}},"14":{"start":{"line":30,"column":8},"end":{"line":30,"column":41}},"15":{"start":{"line":31,"column":21},"end":{"line":31,"column":93}},"16":{"start":{"line":32,"column":8},"end":{"line":32,"column":27}},"17":{"start":{"line":33,"column":8},"end":{"line":33,"column":39}},"18":{"start":{"line":36,"column":8},"end":{"line":36,"column":24}},"19":{"start":{"line":37,"column":8},"end":{"line":37,"column":33}},"20":{"start":{"line":45,"column":1},"end":{"line":61,"column":2}},"21":{"start":{"line":46,"column":4},"end":{"line":60,"column":5}},"22":{"start":{"line":47,"column":8},"end":{"line":47,"column":57}},"23":{"start":{"line":50,"column":8},"end":{"line":50,"column":31}},"24":{"start":{"line":52,"column":23},"end":{"line":52,"column":31}},"25":{"start":{"line":53,"column":8},"end":{"line":53,"column":24}},"26":{"start":{"line":54,"column":8},"end":{"line":54,"column":73}},"27":{"start":{"line":55,"column":8},"end":{"line":55,"column":57}},"28":{"start":{"line":58,"column":8},"end":{"line":58,"column":24}},"29":{"start":{"line":59,"column":8},"end":{"line":59,"column":33}},"30":{"start":{"line":66,"column":1},"end":{"line":81,"column":2}},"31":{"start":{"line":67,"column":4},"end":{"line":80,"column":5}},"32":{"start":{"line":68,"column":8},"end":{"line":68,"column":57}},"33":{"start":{"line":70,"column":17},"end":{"line":70,"column":52}},"34":{"start":{"line":72,"column":23},"end":{"line":72,"column":31}},"35":{"start":{"line":73,"column":8},"end":{"line":73,"column":24}},"36":{"start":{"line":74,"column":8},"end":{"line":74,"column":73}},"37":{"start":{"line":75,"column":8},"end":{"line":75,"column":57}},"38":{"start":{"line":78,"column":8},"end":{"line":78,"column":24}},"39":{"start":{"line":79,"column":8},"end":{"line":79,"column":33}},"40":{"start":{"line":86,"column":1},"end":{"line":97,"column":2}},"41":{"start":{"line":87,"column":4},"end":{"line":96,"column":5}},"42":{"start":{"line":88,"column":17},"end":{"line":88,"column":34}},"43":{"start":{"line":89,"column":8},"end":{"line":89,"column":24}},"44":{"start":{"line":90,"column":8},"end":{"line":90,"column":115}},"45":{"start":{"line":91,"column":8},"end":{"line":91,"column":59}},"46":{"start":{"line":94,"column":8},"end":{"line":94,"column":24}},"47":{"start":{"line":95,"column":8},"end":{"line":95,"column":33}},"48":{"start":{"line":102,"column":1},"end":{"line":112,"column":2}},"49":{"start":{"line":103,"column":4},"end":{"line":111,"column":5}},"50":{"start":{"line":104,"column":17},"end":{"line":104,"column":34}},"51":{"start":{"line":105,"column":8},"end":{"line":105,"column":75}},"52":{"start":{"line":106,"column":8},"end":{"line":106,"column":59}},"53":{"start":{"line":109,"column":8},"end":{"line":109,"column":24}},"54":{"start":{"line":110,"column":8},"end":{"line":110,"column":33}},"55":{"start":{"line":114,"column":0},"end":{"line":114,"column":23}}},"fnMap":{"0":{"name":"(anonymous_0)","decl":{"start":{"line":13,"column":17},"end":{"line":13,"column":18}},"loc":{"start":{"line":13,"column":35},"end":{"line":22,"column":1}},"line":13},"1":{"name":"(anonymous_1)","decl":{"start":{"line":27,"column":24},"end":{"line":27,"column":25}},"loc":{"start":{"line":27,"column":42},"end":{"line":39,"column":1}},"line":27},"2":{"name":"(anonymous_2)","decl":{"start":{"line":45,"column":25},"end":{"line":45,"column":26}},"loc":{"start":{"line":45,"column":43},"end":{"line":61,"column":1}},"line":45},"3":{"name":"(anonymous_3)","decl":{"start":{"line":66,"column":18},"end":{"line":66,"column":19}},"loc":{"start":{"line":66,"column":36},"end":{"line":81,"column":1}},"line":66},"4":{"name":"(anonymous_4)","decl":{"start":{"line":86,"column":24},"end":{"line":86,"column":25}},"loc":{"start":{"line":86,"column":42},"end":{"line":97,"column":1}},"line":86},"5":{"name":"(anonymous_5)","decl":{"start":{"line":102,"column":27},"end":{"line":102,"column":28}},"loc":{"start":{"line":102,"column":45},"end":{"line":112,"column":1}},"line":102}},"branchMap":{},"s":{"0":1,"1":1,"2":1,"3":1,"4":1,"5":1,"6":1,"7":1,"8":1,"9":0,"10":0,"11":1,"12":1,"13":1,"14":1,"15":1,"16":1,"17":1,"18":0,"19":0,"20":1,"21":1,"22":1,"23":1,"24":1,"25":1,"26":1,"27":1,"28":0,"29":0,"30":1,"31":1,"32":1,"33":1,"34":1,"35":1,"36":1,"37":1,"38":0,"39":0,"40":1,"41":1,"42":1,"43":1,"44":1,"45":1,"46":0,"47":0,"48":1,"49":1,"50":1,"51":1,"52":1,"53":0,"54":0,"55":1},"f":{"0":1,"1":1,"2":1,"3":1,"4":1,"5":1},"b":{},"_coverageSchema":"1a1c01bbd47fc00a2c39e90264f33305004495a9","hash":"f9e21772c17f95532bb89d3ef39e91211290441b"}
,"C:\\Users\\rushi\\Documents\\TurnUp\\Testing\\NoMockBackend\\NewUserManager\\tests\\UserHandlerCalls.js": {"path":"C:\\Users\\rushi\\Documents\\TurnUp\\Testing\\NoMockBackend\\NewUserManager\\tests\\UserHandlerCalls.js","statementMap":{"0":{"start":{"line":3,"column":14},"end":{"line":3,"column":30}},"1":{"start":{"line":5,"column":0},"end":{"line":5,"column":19}},"2":{"start":{"line":6,"column":14},"end":{"line":6,"column":30}},"3":{"start":{"line":11,"column":21},"end":{"line":11,"column":55}},"4":{"start":{"line":12,"column":4},"end":{"line":12,"column":20}},"5":{"start":{"line":16,"column":21},"end":{"line":16,"column":59}},"6":{"start":{"line":17,"column":4},"end":{"line":17,"column":20}},"7":{"start":{"line":21,"column":21},"end":{"line":21,"column":56}},"8":{"start":{"line":22,"column":4},"end":{"line":22,"column":20}},"9":{"start":{"line":26,"column":21},"end":{"line":26,"column":59}},"10":{"start":{"line":27,"column":4},"end":{"line":27,"column":20}},"11":{"start":{"line":32,"column":21},"end":{"line":32,"column":62}},"12":{"start":{"line":33,"column":4},"end":{"line":33,"column":20}},"13":{"start":{"line":39,"column":21},"end":{"line":39,"column":67}},"14":{"start":{"line":40,"column":4},"end":{"line":40,"column":20}},"15":{"start":{"line":45,"column":21},"end":{"line":45,"column":67}},"16":{"start":{"line":46,"column":4},"end":{"line":46,"column":20}},"17":{"start":{"line":52,"column":21},"end":{"line":52,"column":69}},"18":{"start":{"line":53,"column":4},"end":{"line":53,"column":20}},"19":{"start":{"line":57,"column":21},"end":{"line":57,"column":81}},"20":{"start":{"line":58,"column":4},"end":{"line":58,"column":20}},"21":{"start":{"line":62,"column":21},"end":{"line":62,"column":83}},"22":{"start":{"line":63,"column":4},"end":{"line":63,"column":20}},"23":{"start":{"line":69,"column":21},"end":{"line":69,"column":66}},"24":{"start":{"line":70,"column":4},"end":{"line":70,"column":20}},"25":{"start":{"line":74,"column":21},"end":{"line":74,"column":78}},"26":{"start":{"line":75,"column":4},"end":{"line":75,"column":20}},"27":{"start":{"line":79,"column":21},"end":{"line":79,"column":80}},"28":{"start":{"line":80,"column":4},"end":{"line":80,"column":20}},"29":{"start":{"line":84,"column":0},"end":{"line":86,"column":76}}},"fnMap":{"0":{"name":"getAllUsers","decl":{"start":{"line":10,"column":15},"end":{"line":10,"column":26}},"loc":{"start":{"line":10,"column":29},"end":{"line":13,"column":1}},"line":10},"1":{"name":"getOneUser","decl":{"start":{"line":15,"column":15},"end":{"line":15,"column":25}},"loc":{"start":{"line":15,"column":28},"end":{"line":18,"column":1}},"line":15},"2":{"name":"addNewUser","decl":{"start":{"line":20,"column":15},"end":{"line":20,"column":25}},"loc":{"start":{"line":20,"column":28},"end":{"line":23,"column":1}},"line":20},"3":{"name":"updateUser","decl":{"start":{"line":25,"column":15},"end":{"line":25,"column":25}},"loc":{"start":{"line":25,"column":28},"end":{"line":28,"column":1}},"line":25},"4":{"name":"deleteUser","decl":{"start":{"line":31,"column":15},"end":{"line":31,"column":25}},"loc":{"start":{"line":31,"column":28},"end":{"line":34,"column":1}},"line":31},"5":{"name":"getUIPreferences","decl":{"start":{"line":38,"column":15},"end":{"line":38,"column":31}},"loc":{"start":{"line":38,"column":34},"end":{"line":41,"column":1}},"line":38},"6":{"name":"updateUIPreferences","decl":{"start":{"line":44,"column":15},"end":{"line":44,"column":34}},"loc":{"start":{"line":44,"column":37},"end":{"line":47,"column":1}},"line":44},"7":{"name":"getLikedLocations","decl":{"start":{"line":51,"column":15},"end":{"line":51,"column":32}},"loc":{"start":{"line":51,"column":35},"end":{"line":54,"column":1}},"line":51},"8":{"name":"addLikedLocation","decl":{"start":{"line":56,"column":15},"end":{"line":56,"column":31}},"loc":{"start":{"line":56,"column":34},"end":{"line":59,"column":1}},"line":56},"9":{"name":"deleteLikedLocation","decl":{"start":{"line":61,"column":15},"end":{"line":61,"column":34}},"loc":{"start":{"line":61,"column":37},"end":{"line":64,"column":1}},"line":61},"10":{"name":"getLikedEvents","decl":{"start":{"line":68,"column":15},"end":{"line":68,"column":29}},"loc":{"start":{"line":68,"column":32},"end":{"line":71,"column":1}},"line":68},"11":{"name":"addLikedEvents","decl":{"start":{"line":73,"column":15},"end":{"line":73,"column":29}},"loc":{"start":{"line":73,"column":32},"end":{"line":76,"column":1}},"line":73},"12":{"name":"deleteLikedEvents","decl":{"start":{"line":78,"column":15},"end":{"line":78,"column":32}},"loc":{"start":{"line":78,"column":35},"end":{"line":81,"column":1}},"line":78}},"branchMap":{},"s":{"0":1,"1":1,"2":1,"3":1,"4":1,"5":1,"6":1,"7":1,"8":1,"9":1,"10":1,"11":0,"12":0,"13":1,"14":1,"15":1,"16":1,"17":1,"18":1,"19":1,"20":1,"21":1,"22":1,"23":1,"24":1,"25":1,"26":1,"27":1,"28":1,"29":1},"f":{"0":1,"1":1,"2":1,"3":1,"4":0,"5":1,"6":1,"7":1,"8":1,"9":1,"10":1,"11":1,"12":1},"b":{},"_coverageSchema":"1a1c01bbd47fc00a2c39e90264f33305004495a9","hash":"7c9b71d06083ec2b8704a4e4be9757608c9dfed1"}
}
