TN:
SF:NewEventManager\eventManager.js
FNF:0
FNH:0
DA:1,1
DA:2,1
DA:3,1
DA:5,1
DA:6,1
DA:8,1
DA:9,1
DA:11,1
LF:8
LH:8
BRF:0
BRH:0
end_of_record
TN:
SF:NewEventManager\routes\eventFilter.js
FN:7,(anonymous_0)
FN:24,(anonymous_1)
FNF:2
FNH:2
FNDA:2,(anonymous_0)
FNDA:1,(anonymous_1)
DA:1,1
DA:2,1
DA:3,1
DA:4,1
DA:7,1
DA:8,2
DA:9,2
DA:10,2
DA:11,2
DA:15,2
DA:16,2
DA:18,0
DA:19,0
DA:24,1
DA:25,1
DA:26,1
DA:31,1
DA:32,1
DA:33,1
DA:35,0
DA:36,0
DA:40,1
LF:22
LH:18
BRF:0
BRH:0
end_of_record
TN:
SF:NewEventManager\routes\eventStore.js
FN:7,(anonymous_0)
FN:26,(anonymous_1)
FN:45,(anonymous_2)
FN:67,(anonymous_3)
FN:92,(anonymous_4)
FNF:5
FNH:5
FNDA:2,(anonymous_0)
FNDA:1,(anonymous_1)
FNDA:2,(anonymous_2)
FNDA:3,(anonymous_3)
FNDA:1,(anonymous_4)
DA:1,1
DA:2,1
DA:3,1
DA:4,1
DA:7,1
DA:8,2
DA:9,2
DA:10,2
DA:14,2
DA:15,1
DA:17,1
DA:20,0
DA:21,0
DA:26,1
DA:27,1
DA:28,1
DA:29,1
DA:30,1
DA:31,1
DA:32,1
DA:33,1
DA:37,1
DA:39,0
DA:40,0
DA:45,1
DA:46,2
DA:47,2
DA:48,2
DA:49,2
DA:57,2
DA:58,1
DA:59,1
DA:61,0
DA:62,0
DA:67,1
DA:68,3
DA:69,3
DA:70,3
DA:71,3
DA:75,3
DA:76,1
DA:77,1
DA:79,2
DA:83,2
DA:84,1
DA:85,1
DA:87,0
DA:92,1
DA:93,1
DA:94,1
DA:95,1
DA:96,1
DA:98,0
DA:99,0
DA:103,1
LF:55
LH:46
BRDA:14,0,0,1
BRDA:14,0,1,1
BRDA:57,1,0,1
BRDA:57,1,1,1
BRDA:75,2,0,1
BRDA:75,2,1,2
BRDA:83,3,0,1
BRDA:83,3,1,1
BRF:8
BRH:8
end_of_record
TN:
SF:NewLocationManager\locationServer.js
FN:12,(anonymous_0)
FN:26,(anonymous_1)
FN:52,(anonymous_2)
FN:75,(anonymous_3)
FN:98,(anonymous_4)
FN:114,(anonymous_5)
FN:126,(anonymous_6)
FN:149,(anonymous_7)
FN:173,(anonymous_8)
FNF:9
FNH:9
FNDA:1,(anonymous_0)
FNDA:3,(anonymous_1)
FNDA:2,(anonymous_2)
FNDA:2,(anonymous_3)
FNDA:1,(anonymous_4)
FNDA:1,(anonymous_5)
FNDA:2,(anonymous_6)
FNDA:2,(anonymous_7)
FNDA:2,(anonymous_8)
DA:1,1
DA:2,1
DA:3,1
DA:4,1
DA:5,1
DA:6,1
DA:8,1
DA:12,1
DA:13,1
DA:14,1
DA:15,1
DA:16,1
DA:17,1
DA:19,1
DA:24,1
DA:25,1
DA:26,1
DA:27,3
DA:28,3
DA:29,3
DA:30,3
DA:31,3
DA:32,3
DA:38,3
DA:41,1
DA:43,1
DA:44,1
DA:46,0
DA:52,1
DA:53,2
DA:54,2
DA:55,2
DA:59,2
DA:60,1
DA:62,1
DA:66,1
DA:69,0
DA:75,1
DA:76,2
DA:77,2
DA:78,2
DA:82,2
DA:83,1
DA:85,1
DA:89,1
DA:92,0
DA:98,1
DA:99,1
DA:100,1
DA:105,1
DA:107,0
DA:108,0
DA:114,1
DA:115,1
DA:116,1
DA:117,1
DA:119,0
DA:120,0
DA:126,1
DA:127,2
DA:128,2
DA:129,2
DA:133,2
DA:134,1
DA:136,1
DA:140,1
DA:143,0
DA:149,1
DA:150,2
DA:151,2
DA:152,2
DA:156,2
DA:157,1
DA:159,1
DA:163,1
DA:166,0
DA:167,0
DA:173,1
DA:174,2
DA:175,2
DA:176,2
DA:181,2
DA:182,1
DA:184,1
DA:187,0
DA:188,0
DA:192,1
LF:87
LH:75
BRDA:32,0,0,3
BRDA:32,0,1,0
BRDA:33,1,0,3
BRDA:33,1,1,3
BRDA:33,1,2,3
BRDA:33,1,3,3
BRDA:43,2,0,1
BRDA:43,2,1,0
BRDA:59,3,0,1
BRDA:59,3,1,1
BRDA:82,4,0,1
BRDA:82,4,1,1
BRDA:133,5,0,1
BRDA:133,5,1,1
BRDA:156,6,0,1
BRDA:156,6,1,1
BRDA:181,7,0,1
BRDA:181,7,1,1
BRF:18
BRH:16
end_of_record
