TN:
SF:TestsWithMocking\UserHandlerTest.js
FNF:0
FNH:0
DA:1,1
DA:2,1
DA:4,1
DA:5,1
DA:6,1
DA:7,1
DA:9,1
DA:12,1
DA:13,1
DA:14,1
DA:15,1
DA:17,1
LF:12
LH:12
BRF:0
BRH:0
end_of_record
TN:
SF:routes\LikedEventsHandler.js
FN:10,(anonymous_0)
FN:13,(anonymous_1)
FN:29,(anonymous_2)
FN:33,(anonymous_3)
FN:56,(anonymous_4)
FN:60,(anonymous_5)
FNF:6
FNH:6
FNDA:2,(anonymous_0)
FNDA:2,(anonymous_1)
FNDA:2,(anonymous_2)
FNDA:2,(anonymous_3)
FNDA:2,(anonymous_4)
FNDA:2,(anonymous_5)
DA:1,1
DA:2,1
DA:4,1
DA:10,1
DA:11,2
DA:13,2
DA:14,2
DA:16,2
DA:17,2
DA:20,1
DA:21,1
DA:29,1
DA:30,2
DA:31,2
DA:33,2
DA:34,2
DA:36,2
DA:37,1
DA:38,1
DA:40,1
DA:41,1
DA:44,1
DA:45,1
DA:48,1
DA:49,1
DA:56,1
DA:57,2
DA:58,2
DA:60,2
DA:61,2
DA:63,2
DA:64,1
DA:65,1
DA:66,1
DA:68,1
DA:69,1
DA:72,1
DA:75,1
DA:76,1
DA:80,1
LF:40
LH:40
BRDA:37,0,0,1
BRDA:37,0,1,0
BRDA:65,1,0,1
BRDA:65,1,1,0
BRF:4
BRH:2
end_of_record
TN:
SF:routes\LikedLocationsHandler.js
FN:11,(anonymous_0)
FN:14,(anonymous_1)
FN:30,(anonymous_2)
FN:34,(anonymous_3)
FN:56,(anonymous_4)
FN:60,(anonymous_5)
FNF:6
FNH:6
FNDA:2,(anonymous_0)
FNDA:2,(anonymous_1)
FNDA:2,(anonymous_2)
FNDA:2,(anonymous_3)
FNDA:2,(anonymous_4)
FNDA:2,(anonymous_5)
DA:1,1
DA:2,1
DA:4,1
DA:11,1
DA:12,2
DA:14,2
DA:15,2
DA:17,2
DA:18,2
DA:21,1
DA:22,1
DA:30,1
DA:31,2
DA:32,2
DA:34,2
DA:35,2
DA:37,2
DA:38,1
DA:39,1
DA:41,1
DA:42,1
DA:45,1
DA:48,1
DA:49,1
DA:56,1
DA:57,2
DA:58,2
DA:60,2
DA:61,2
DA:63,2
DA:64,1
DA:65,1
DA:66,1
DA:68,1
DA:69,1
DA:72,1
DA:75,1
DA:76,1
DA:80,1
LF:39
LH:39
BRDA:38,0,0,1
BRDA:38,0,1,0
BRDA:65,1,0,1
BRDA:65,1,1,0
BRF:4
BRH:2
end_of_record
TN:
SF:routes\UIPreferencesHandler.js
FN:11,(anonymous_0)
FN:14,(anonymous_1)
FN:30,(anonymous_2)
FNF:3
FNH:3
FNDA:2,(anonymous_0)
FNDA:2,(anonymous_1)
FNDA:2,(anonymous_2)
DA:1,1
DA:2,1
DA:4,1
DA:11,1
DA:12,2
DA:14,2
DA:15,2
DA:17,2
DA:18,2
DA:21,1
DA:22,1
DA:30,1
DA:31,2
DA:32,2
DA:35,1
DA:38,1
DA:39,1
DA:43,1
LF:18
LH:18
BRF:0
BRH:0
end_of_record
TN:
SF:routes\UserStore.js
FN:13,(anonymous_0)
FN:27,(anonymous_1)
FN:45,(anonymous_2)
FN:66,(anonymous_3)
FN:86,(anonymous_4)
FN:102,(anonymous_5)
FNF:6
FNH:6
FNDA:1,(anonymous_0)
FNDA:1,(anonymous_1)
FNDA:1,(anonymous_2)
FNDA:1,(anonymous_3)
FNDA:1,(anonymous_4)
FNDA:1,(anonymous_5)
DA:1,1
DA:2,1
DA:4,1
DA:5,1
DA:6,1
DA:13,1
DA:14,1
DA:15,1
DA:16,1
DA:19,0
DA:20,0
DA:27,1
DA:28,1
DA:29,1
DA:30,1
DA:31,1
DA:32,1
DA:33,1
DA:36,0
DA:37,0
DA:45,1
DA:46,1
DA:47,1
DA:50,1
DA:52,1
DA:53,1
DA:54,1
DA:55,1
DA:58,0
DA:59,0
DA:66,1
DA:67,1
DA:68,1
DA:70,1
DA:72,1
DA:73,1
DA:74,1
DA:75,1
DA:78,0
DA:79,0
DA:86,1
DA:87,1
DA:88,1
DA:89,1
DA:90,1
DA:91,1
DA:94,0
DA:95,0
DA:102,1
DA:103,1
DA:104,1
DA:105,1
DA:106,1
DA:109,0
DA:110,0
DA:114,1
LF:56
LH:44
BRF:0
BRH:0
end_of_record
TN:
SF:tests\UserHandlerCalls.js
FN:10,getAllUsers
FN:15,getOneUser
FN:20,addNewUser
FN:25,updateUser
FN:31,deleteUser
FN:38,getUIPreferences
FN:44,updateUIPreferences
FN:51,getLikedLocations
FN:56,addLikedLocation
FN:61,deleteLikedLocation
FN:68,getLikedEvents
FN:73,addLikedEvents
FN:78,deleteLikedEvents
FNF:13
FNH:12
FNDA:1,getAllUsers
FNDA:1,getOneUser
FNDA:1,addNewUser
FNDA:1,updateUser
FNDA:0,deleteUser
FNDA:1,getUIPreferences
FNDA:1,updateUIPreferences
FNDA:1,getLikedLocations
FNDA:1,addLikedLocation
FNDA:1,deleteLikedLocation
FNDA:1,getLikedEvents
FNDA:1,addLikedEvents
FNDA:1,deleteLikedEvents
DA:3,1
DA:5,1
DA:6,1
DA:11,1
DA:12,1
DA:16,1
DA:17,1
DA:21,1
DA:22,1
DA:26,1
DA:27,1
DA:32,0
DA:33,0
DA:39,1
DA:40,1
DA:45,1
DA:46,1
DA:52,1
DA:53,1
DA:57,1
DA:58,1
DA:62,1
DA:63,1
DA:69,1
DA:70,1
DA:74,1
DA:75,1
DA:79,1
DA:80,1
DA:84,1
LF:30
LH:28
BRF:0
BRH:0
end_of_record
