{"C:\\Users\\herei\\Desktop\\TurnUp\\TurnUp_Dev\\TurnUp_Release\\EventManager\\TestsWithMocking\\EventManagerTest.js": {"path":"C:\\Users\\herei\\Desktop\\TurnUp\\TurnUp_Dev\\TurnUp_Release\\EventManager\\TestsWithMocking\\EventManagerTest.js","statementMap":{"0":{"start":{"line":1,"column":14},"end":{"line":1,"column":32}},"1":{"start":{"line":2,"column":10},"end":{"line":2,"column":19}},"2":{"start":{"line":5,"column":19},"end":{"line":5,"column":50}},"3":{"start":{"line":6,"column":20},"end":{"line":6,"column":52}},"4":{"start":{"line":8,"column":0},"end":{"line":8,"column":23}},"5":{"start":{"line":11,"column":0},"end":{"line":11,"column":31}},"6":{"start":{"line":12,"column":0},"end":{"line":12,"column":25}},"7":{"start":{"line":17,"column":0},"end":{"line":17,"column":21}}},"fnMap":{},"branchMap":{},"s":{"0":1,"1":1,"2":1,"3":1,"4":1,"5":1,"6":1,"7":1},"f":{},"b":{},"_coverageSchema":"1a1c01bbd47fc00a2c39e90264f33305004495a9","hash":"299e5ca6b41643a7d140fdf0d1beb34fdbbf8025"}
,"C:\\Users\\herei\\Desktop\\TurnUp\\TurnUp_Dev\\TurnUp_Release\\EventManager\\routes\\eventFilter.js": {"path":"C:\\Users\\herei\\Desktop\\TurnUp\\TurnUp_Dev\\TurnUp_Release\\EventManager\\routes\\eventFilter.js","statementMap":{"0":{"start":{"line":1,"column":16},"end":{"line":1,"column":34}},"1":{"start":{"line":2,"column":15},"end":{"line":2,"column":31}},"2":{"start":{"line":4,"column":24},"end":{"line":4,"column":42}},"3":{"start":{"line":5,"column":15},"end":{"line":5,"column":62}},"4":{"start":{"line":8,"column":0},"end":{"line":22,"column":3}},"5":{"start":{"line":9,"column":2},"end":{"line":21,"column":3}},"6":{"start":{"line":10,"column":19},"end":{"line":10,"column":32}},"7":{"start":{"line":11,"column":4},"end":{"line":11,"column":26}},"8":{"start":{"line":12,"column":19},"end":{"line":15,"column":25}},"9":{"start":{"line":16,"column":18},"end":{"line":16,"column":40}},"10":{"start":{"line":17,"column":4},"end":{"line":17,"column":34}},"11":{"start":{"line":19,"column":4},"end":{"line":19,"column":21}},"12":{"start":{"line":20,"column":4},"end":{"line":20,"column":30}},"13":{"start":{"line":25,"column":0},"end":{"line":39,"column":3}},"14":{"start":{"line":26,"column":2},"end":{"line":38,"column":3}},"15":{"start":{"line":27,"column":19},"end":{"line":31,"column":27}},"16":{"start":{"line":32,"column":18},"end":{"line":32,"column":40}},"17":{"start":{"line":33,"column":4},"end":{"line":33,"column":25}},"18":{"start":{"line":34,"column":4},"end":{"line":34,"column":34}},"19":{"start":{"line":36,"column":4},"end":{"line":36,"column":21}},"20":{"start":{"line":37,"column":4},"end":{"line":37,"column":30}},"21":{"start":{"line":41,"column":0},"end":{"line":41,"column":24}}},"fnMap":{"0":{"name":"(anonymous_0)","decl":{"start":{"line":8,"column":34},"end":{"line":8,"column":35}},"loc":{"start":{"line":8,"column":54},"end":{"line":22,"column":1}},"line":8},"1":{"name":"(anonymous_1)","decl":{"start":{"line":25,"column":32},"end":{"line":25,"column":33}},"loc":{"start":{"line":25,"column":52},"end":{"line":39,"column":1}},"line":25}},"branchMap":{},"s":{"0":1,"1":1,"2":1,"3":1,"4":1,"5":1,"6":1,"7":1,"8":1,"9":1,"10":1,"11":0,"12":0,"13":1,"14":1,"15":1,"16":1,"17":1,"18":1,"19":0,"20":0,"21":1},"f":{"0":1,"1":1},"b":{},"_coverageSchema":"1a1c01bbd47fc00a2c39e90264f33305004495a9","hash":"17cf365108342a61fc189c3d260151a623492af4"}
,"C:\\Users\\herei\\Desktop\\TurnUp\\TurnUp_Dev\\TurnUp_Release\\EventManager\\routes\\eventStore.js": {"path":"C:\\Users\\herei\\Desktop\\TurnUp\\TurnUp_Dev\\TurnUp_Release\\EventManager\\routes\\eventStore.js","statementMap":{"0":{"start":{"line":1,"column":16},"end":{"line":1,"column":34}},"1":{"start":{"line":2,"column":15},"end":{"line":2,"column":31}},"2":{"start":{"line":3,"column":24},"end":{"line":3,"column":42}},"3":{"start":{"line":4,"column":15},"end":{"line":4,"column":62}},"4":{"start":{"line":7,"column":0},"end":{"line":19,"column":3}},"5":{"start":{"line":8,"column":2},"end":{"line":18,"column":3}},"6":{"start":{"line":9,"column":18},"end":{"line":9,"column":36}},"7":{"start":{"line":10,"column":20},"end":{"line":13,"column":33}},"8":{"start":{"line":14,"column":4},"end":{"line":14,"column":34}},"9":{"start":{"line":16,"column":4},"end":{"line":16,"column":21}},"10":{"start":{"line":17,"column":4},"end":{"line":17,"column":30}},"11":{"start":{"line":22,"column":0},"end":{"line":38,"column":3}},"12":{"start":{"line":23,"column":2},"end":{"line":37,"column":3}},"13":{"start":{"line":24,"column":17},"end":{"line":24,"column":34}},"14":{"start":{"line":25,"column":18},"end":{"line":25,"column":26}},"15":{"start":{"line":26,"column":4},"end":{"line":26,"column":48}},"16":{"start":{"line":27,"column":4},"end":{"line":27,"column":76}},"17":{"start":{"line":28,"column":18},"end":{"line":28,"column":40}},"18":{"start":{"line":29,"column":4},"end":{"line":32,"column":68}},"19":{"start":{"line":33,"column":4},"end":{"line":33,"column":34}},"20":{"start":{"line":35,"column":4},"end":{"line":35,"column":21}},"21":{"start":{"line":36,"column":4},"end":{"line":36,"column":30}},"22":{"start":{"line":41,"column":0},"end":{"line":60,"column":3}},"23":{"start":{"line":42,"column":2},"end":{"line":59,"column":3}},"24":{"start":{"line":43,"column":18},"end":{"line":43,"column":36}},"25":{"start":{"line":44,"column":17},"end":{"line":44,"column":34}},"26":{"start":{"line":45,"column":16},"end":{"line":52,"column":7}},"27":{"start":{"line":53,"column":4},"end":{"line":55,"column":63}},"28":{"start":{"line":54,"column":6},"end":{"line":54,"column":73}},"29":{"start":{"line":55,"column":9},"end":{"line":55,"column":63}},"30":{"start":{"line":57,"column":4},"end":{"line":57,"column":21}},"31":{"start":{"line":58,"column":4},"end":{"line":58,"column":30}},"32":{"start":{"line":63,"column":0},"end":{"line":78,"column":3}},"33":{"start":{"line":64,"column":2},"end":{"line":77,"column":3}},"34":{"start":{"line":65,"column":18},"end":{"line":65,"column":36}},"35":{"start":{"line":66,"column":17},"end":{"line":66,"column":34}},"36":{"start":{"line":67,"column":16},"end":{"line":70,"column":52}},"37":{"start":{"line":71,"column":4},"end":{"line":73,"column":60}},"38":{"start":{"line":72,"column":6},"end":{"line":72,"column":73}},"39":{"start":{"line":73,"column":9},"end":{"line":73,"column":60}},"40":{"start":{"line":75,"column":4},"end":{"line":75,"column":21}},"41":{"start":{"line":76,"column":4},"end":{"line":76,"column":30}},"42":{"start":{"line":81,"column":0},"end":{"line":90,"column":3}},"43":{"start":{"line":82,"column":2},"end":{"line":89,"column":3}},"44":{"start":{"line":83,"column":19},"end":{"line":83,"column":72}},"45":{"start":{"line":84,"column":20},"end":{"line":84,"column":42}},"46":{"start":{"line":85,"column":4},"end":{"line":85,"column":49}},"47":{"start":{"line":87,"column":4},"end":{"line":87,"column":21}},"48":{"start":{"line":88,"column":4},"end":{"line":88,"column":30}},"49":{"start":{"line":92,"column":0},"end":{"line":92,"column":24}}},"fnMap":{"0":{"name":"(anonymous_0)","decl":{"start":{"line":7,"column":24},"end":{"line":7,"column":25}},"loc":{"start":{"line":7,"column":44},"end":{"line":19,"column":1}},"line":7},"1":{"name":"(anonymous_1)","decl":{"start":{"line":22,"column":24},"end":{"line":22,"column":25}},"loc":{"start":{"line":22,"column":44},"end":{"line":38,"column":1}},"line":22},"2":{"name":"(anonymous_2)","decl":{"start":{"line":41,"column":32},"end":{"line":41,"column":33}},"loc":{"start":{"line":41,"column":52},"end":{"line":60,"column":1}},"line":41},"3":{"name":"(anonymous_3)","decl":{"start":{"line":63,"column":35},"end":{"line":63,"column":36}},"loc":{"start":{"line":63,"column":55},"end":{"line":78,"column":1}},"line":63},"4":{"name":"(anonymous_4)","decl":{"start":{"line":81,"column":16},"end":{"line":81,"column":17}},"loc":{"start":{"line":81,"column":36},"end":{"line":90,"column":1}},"line":81}},"branchMap":{"0":{"loc":{"start":{"line":53,"column":4},"end":{"line":55,"column":63}},"type":"if","locations":[{"start":{"line":53,"column":4},"end":{"line":55,"column":63}},{"start":{"line":55,"column":9},"end":{"line":55,"column":63}}],"line":53},"1":{"loc":{"start":{"line":71,"column":4},"end":{"line":73,"column":60}},"type":"if","locations":[{"start":{"line":71,"column":4},"end":{"line":73,"column":60}},{"start":{"line":73,"column":9},"end":{"line":73,"column":60}}],"line":71}},"s":{"0":1,"1":1,"2":1,"3":1,"4":1,"5":1,"6":1,"7":1,"8":1,"9":0,"10":0,"11":1,"12":1,"13":1,"14":1,"15":1,"16":1,"17":1,"18":1,"19":1,"20":0,"21":0,"22":1,"23":2,"24":2,"25":2,"26":2,"27":2,"28":1,"29":1,"30":0,"31":0,"32":1,"33":2,"34":2,"35":2,"36":2,"37":2,"38":1,"39":1,"40":0,"41":0,"42":1,"43":1,"44":1,"45":1,"46":1,"47":0,"48":0,"49":1},"f":{"0":1,"1":1,"2":2,"3":2,"4":1},"b":{"0":[1,1],"1":[1,1]},"_coverageSchema":"1a1c01bbd47fc00a2c39e90264f33305004495a9","hash":"da1a210de30dcbc7baf919d48c4b19a2fd333402"}
}
