TN:
SF:TestsWithMocking\EventManagerTest.js
FNF:0
FNH:0
DA:1,1
DA:2,1
DA:5,1
DA:6,1
DA:8,1
DA:11,1
DA:12,1
DA:17,1
LF:8
LH:8
BRF:0
BRH:0
end_of_record
TN:
SF:routes\eventFilter.js
FN:8,(anonymous_0)
FN:25,(anonymous_1)
FNF:2
FNH:2
FNDA:1,(anonymous_0)
FNDA:1,(anonymous_1)
DA:1,1
DA:2,1
DA:4,1
DA:5,1
DA:8,1
DA:9,1
DA:10,1
DA:11,1
DA:12,1
DA:16,1
DA:17,1
DA:19,0
DA:20,0
DA:25,1
DA:26,1
DA:27,1
DA:32,1
DA:33,1
DA:34,1
DA:36,0
DA:37,0
DA:41,1
LF:22
LH:18
BRF:0
BRH:0
end_of_record
TN:
SF:routes\eventStore.js
FN:7,(anonymous_0)
FN:22,(anonymous_1)
FN:41,(anonymous_2)
FN:63,(anonymous_3)
FN:81,(anonymous_4)
FNF:5
FNH:5
FNDA:1,(anonymous_0)
FNDA:1,(anonymous_1)
FNDA:2,(anonymous_2)
FNDA:2,(anonymous_3)
FNDA:1,(anonymous_4)
DA:1,1
DA:2,1
DA:3,1
DA:4,1
DA:7,1
DA:8,1
DA:9,1
DA:10,1
DA:14,1
DA:16,0
DA:17,0
DA:22,1
DA:23,1
DA:24,1
DA:25,1
DA:26,1
DA:27,1
DA:28,1
DA:29,1
DA:33,1
DA:35,0
DA:36,0
DA:41,1
DA:42,2
DA:43,2
DA:44,2
DA:45,2
DA:53,2
DA:54,1
DA:55,1
DA:57,0
DA:58,0
DA:63,1
DA:64,2
DA:65,2
DA:66,2
DA:67,2
DA:71,2
DA:72,1
DA:73,1
DA:75,0
DA:76,0
DA:81,1
DA:82,1
DA:83,1
DA:84,1
DA:85,1
DA:87,0
DA:88,0
DA:92,1
LF:50
LH:40
BRDA:53,0,0,1
BRDA:53,0,1,1
BRDA:71,1,0,1
BRDA:71,1,1,1
BRF:4
BRH:4
end_of_record
